{"/Users/ban/code/volentix/vdex-test-gui-example/src-electron/main-process/electron-main.dev.js": {"path":"/Users/ban/code/volentix/vdex-test-gui-example/src-electron/main-process/electron-main.dev.js","statementMap":{"0":{"start":{"line":9,"column":0},"end":{"line":9,"column":49}},"1":{"start":{"line":12,"column":0},"end":{"line":19,"column":2}},"2":{"start":{"line":13,"column":25},"end":{"line":13,"column":63}},"3":{"start":{"line":14,"column":2},"end":{"line":18,"column":6}},"4":{"start":{"line":17,"column":6},"end":{"line":17,"column":62}},"5":{"start":{"line":22,"column":0},"end":{"line":22,"column":26}}},"fnMap":{"0":{"name":"(anonymous_0)","decl":{"start":{"line":12,"column":36},"end":{"line":12,"column":37}},"loc":{"start":{"line":12,"column":42},"end":{"line":19,"column":1}},"line":12},"1":{"name":"(anonymous_1)","decl":{"start":{"line":15,"column":10},"end":{"line":15,"column":11}},"loc":{"start":{"line":15,"column":16},"end":{"line":15,"column":18}},"line":15},"2":{"name":"(anonymous_2)","decl":{"start":{"line":16,"column":11},"end":{"line":16,"column":12}},"loc":{"start":{"line":16,"column":18},"end":{"line":18,"column":5}},"line":16}},"branchMap":{},"s":{"0":0,"1":0,"2":0,"3":0,"4":0,"5":0},"f":{"0":0,"1":0,"2":0},"b":{},"hash":"6b7bfbed20c163bd9d6d57fb36a87319e2eced4b"}
,"/Users/ban/code/volentix/vdex-test-gui-example/src-electron/main-process/electron-main.js": {"path":"/Users/ban/code/volentix/vdex-test-gui-example/src-electron/main-process/electron-main.js","statementMap":{"0":{"start":{"line":3,"column":13},"end":{"line":3,"column":28}},"1":{"start":{"line":4,"column":12},"end":{"line":4,"column":35}},"2":{"start":{"line":6,"column":17},"end":{"line":6,"column":41}},"3":{"start":{"line":12,"column":0},"end":{"line":16,"column":1}},"4":{"start":{"line":13,"column":2},"end":{"line":15,"column":27}},"5":{"start":{"line":24,"column":2},"end":{"line":36,"column":4}},"6":{"start":{"line":38,"column":2},"end":{"line":38,"column":23}},"7":{"start":{"line":39,"column":2},"end":{"line":39,"column":41}},"8":{"start":{"line":41,"column":2},"end":{"line":44,"column":4}},"9":{"start":{"line":42,"column":4},"end":{"line":42,"column":26}},"10":{"start":{"line":43,"column":4},"end":{"line":43,"column":18}},"11":{"start":{"line":46,"column":2},"end":{"line":49,"column":4}},"12":{"start":{"line":47,"column":4},"end":{"line":47,"column":21}},"13":{"start":{"line":48,"column":4},"end":{"line":48,"column":14}},"14":{"start":{"line":51,"column":19},"end":{"line":51,"column":55}},"15":{"start":{"line":52,"column":2},"end":{"line":52,"column":59}},"16":{"start":{"line":56,"column":0},"end":{"line":60,"column":1}},"17":{"start":{"line":57,"column":2},"end":{"line":57,"column":49}},"18":{"start":{"line":59,"column":2},"end":{"line":59,"column":42}},"19":{"start":{"line":62,"column":11},"end":{"line":62,"column":15}},"20":{"start":{"line":63,"column":0},"end":{"line":100,"column":2}},"21":{"start":{"line":64,"column":2},"end":{"line":64,"column":77}},"22":{"start":{"line":65,"column":22},"end":{"line":83,"column":4}},"23":{"start":{"line":72,"column":8},"end":{"line":72,"column":46}},"24":{"start":{"line":79,"column":8},"end":{"line":79,"column":28}},"25":{"start":{"line":80,"column":8},"end":{"line":80,"column":18}},"26":{"start":{"line":84,"column":2},"end":{"line":84,"column":19}},"27":{"start":{"line":85,"column":2},"end":{"line":85,"column":32}},"28":{"start":{"line":87,"column":2},"end":{"line":87,"column":39}},"29":{"start":{"line":88,"column":2},"end":{"line":96,"column":4}},"30":{"start":{"line":89,"column":4},"end":{"line":89,"column":18}},"31":{"start":{"line":91,"column":4},"end":{"line":95,"column":5}},"32":{"start":{"line":92,"column":6},"end":{"line":94,"column":8}},"33":{"start":{"line":97,"column":2},"end":{"line":99,"column":4}},"34":{"start":{"line":98,"column":4},"end":{"line":98,"column":38}},"35":{"start":{"line":102,"column":0},"end":{"line":107,"column":2}},"36":{"start":{"line":103,"column":2},"end":{"line":106,"column":3}},"37":{"start":{"line":104,"column":4},"end":{"line":104,"column":49}},"38":{"start":{"line":109,"column":21},"end":{"line":116,"column":1}},"39":{"start":{"line":110,"column":2},"end":{"line":115,"column":3}},"40":{"start":{"line":111,"column":4},"end":{"line":111,"column":21}},"41":{"start":{"line":113,"column":4},"end":{"line":113,"column":21}},"42":{"start":{"line":114,"column":4},"end":{"line":114,"column":22}},"43":{"start":{"line":118,"column":0},"end":{"line":118,"column":29}},"44":{"start":{"line":120,"column":0},"end":{"line":124,"column":2}},"45":{"start":{"line":121,"column":2},"end":{"line":123,"column":3}},"46":{"start":{"line":122,"column":4},"end":{"line":122,"column":14}},"47":{"start":{"line":126,"column":0},"end":{"line":130,"column":2}},"48":{"start":{"line":127,"column":2},"end":{"line":129,"column":3}},"49":{"start":{"line":128,"column":4},"end":{"line":128,"column":18}},"50":{"start":{"line":148,"column":0},"end":{"line":148,"column":24}},"51":{"start":{"line":149,"column":0},"end":{"line":149,"column":49}},"52":{"start":{"line":150,"column":0},"end":{"line":150,"column":27}},"53":{"start":{"line":153,"column":2},"end":{"line":153,"column":16}},"54":{"start":{"line":154,"column":2},"end":{"line":154,"column":41}},"55":{"start":{"line":169,"column":0},"end":{"line":181,"column":2}},"56":{"start":{"line":170,"column":2},"end":{"line":170,"column":57}},"57":{"start":{"line":171,"column":2},"end":{"line":175,"column":3}},"58":{"start":{"line":172,"column":4},"end":{"line":172,"column":31}},"59":{"start":{"line":174,"column":4},"end":{"line":174,"column":52}},"60":{"start":{"line":176,"column":2},"end":{"line":180,"column":3}},"61":{"start":{"line":177,"column":4},"end":{"line":177,"column":83}},"62":{"start":{"line":179,"column":4},"end":{"line":179,"column":51}},"63":{"start":{"line":183,"column":0},"end":{"line":185,"column":2}},"64":{"start":{"line":184,"column":2},"end":{"line":184,"column":62}},"65":{"start":{"line":187,"column":0},"end":{"line":189,"column":2}},"66":{"start":{"line":188,"column":2},"end":{"line":188,"column":44}},"67":{"start":{"line":191,"column":0},"end":{"line":206,"column":2}},"68":{"start":{"line":192,"column":2},"end":{"line":205,"column":3}},"69":{"start":{"line":201,"column":6},"end":{"line":203,"column":7}},"70":{"start":{"line":202,"column":8},"end":{"line":202,"column":36}},"71":{"start":{"line":208,"column":0},"end":{"line":213,"column":2}},"72":{"start":{"line":209,"column":2},"end":{"line":212,"column":3}},"73":{"start":{"line":210,"column":4},"end":{"line":210,"column":50}},"74":{"start":{"line":211,"column":4},"end":{"line":211,"column":42}}},"fnMap":{"0":{"name":"createWindow","decl":{"start":{"line":20,"column":9},"end":{"line":20,"column":21}},"loc":{"start":{"line":20,"column":25},"end":{"line":53,"column":1}},"line":20},"1":{"name":"(anonymous_1)","decl":{"start":{"line":41,"column":25},"end":{"line":41,"column":26}},"loc":{"start":{"line":41,"column":34},"end":{"line":44,"column":3}},"line":41},"2":{"name":"(anonymous_2)","decl":{"start":{"line":46,"column":26},"end":{"line":46,"column":27}},"loc":{"start":{"line":46,"column":32},"end":{"line":49,"column":3}},"line":46},"3":{"name":"(anonymous_3)","decl":{"start":{"line":63,"column":16},"end":{"line":63,"column":17}},"loc":{"start":{"line":63,"column":22},"end":{"line":100,"column":1}},"line":63},"4":{"name":"(anonymous_4)","decl":{"start":{"line":71,"column":13},"end":{"line":71,"column":14}},"loc":{"start":{"line":71,"column":19},"end":{"line":73,"column":7}},"line":71},"5":{"name":"(anonymous_5)","decl":{"start":{"line":78,"column":13},"end":{"line":78,"column":14}},"loc":{"start":{"line":78,"column":19},"end":{"line":81,"column":7}},"line":78},"6":{"name":"(anonymous_6)","decl":{"start":{"line":88,"column":19},"end":{"line":88,"column":20}},"loc":{"start":{"line":88,"column":28},"end":{"line":96,"column":3}},"line":88},"7":{"name":"(anonymous_7)","decl":{"start":{"line":97,"column":25},"end":{"line":97,"column":26}},"loc":{"start":{"line":97,"column":34},"end":{"line":99,"column":3}},"line":97},"8":{"name":"(anonymous_8)","decl":{"start":{"line":102,"column":16},"end":{"line":102,"column":17}},"loc":{"start":{"line":102,"column":22},"end":{"line":107,"column":1}},"line":102},"9":{"name":"(anonymous_9)","decl":{"start":{"line":109,"column":21},"end":{"line":109,"column":22}},"loc":{"start":{"line":109,"column":27},"end":{"line":116,"column":1}},"line":109},"10":{"name":"(anonymous_10)","decl":{"start":{"line":120,"column":28},"end":{"line":120,"column":29}},"loc":{"start":{"line":120,"column":34},"end":{"line":124,"column":1}},"line":120},"11":{"name":"(anonymous_11)","decl":{"start":{"line":126,"column":19},"end":{"line":126,"column":20}},"loc":{"start":{"line":126,"column":25},"end":{"line":130,"column":1}},"line":126},"12":{"name":"sendStatusToWindow","decl":{"start":{"line":152,"column":9},"end":{"line":152,"column":27}},"loc":{"start":{"line":152,"column":53},"end":{"line":159,"column":1}},"line":152},"13":{"name":"(anonymous_13)","decl":{"start":{"line":169,"column":35},"end":{"line":169,"column":36}},"loc":{"start":{"line":169,"column":43},"end":{"line":181,"column":1}},"line":169},"14":{"name":"(anonymous_14)","decl":{"start":{"line":183,"column":24},"end":{"line":183,"column":25}},"loc":{"start":{"line":183,"column":31},"end":{"line":185,"column":1}},"line":183},"15":{"name":"(anonymous_15)","decl":{"start":{"line":187,"column":36},"end":{"line":187,"column":37}},"loc":{"start":{"line":187,"column":43},"end":{"line":189,"column":1}},"line":187},"16":{"name":"(anonymous_16)","decl":{"start":{"line":191,"column":36},"end":{"line":191,"column":37}},"loc":{"start":{"line":191,"column":53},"end":{"line":206,"column":1}},"line":191},"17":{"name":"(anonymous_17)","decl":{"start":{"line":200,"column":4},"end":{"line":200,"column":5}},"loc":{"start":{"line":200,"column":13},"end":{"line":204,"column":5}},"line":200},"18":{"name":"(anonymous_18)","decl":{"start":{"line":208,"column":16},"end":{"line":208,"column":17}},"loc":{"start":{"line":208,"column":22},"end":{"line":213,"column":1}},"line":208}},"branchMap":{"0":{"loc":{"start":{"line":12,"column":0},"end":{"line":16,"column":1}},"type":"if","locations":[{"start":{"line":12,"column":0},"end":{"line":16,"column":1}},{"start":{"line":12,"column":0},"end":{"line":16,"column":1}}],"line":12},"1":{"loc":{"start":{"line":56,"column":0},"end":{"line":60,"column":1}},"type":"if","locations":[{"start":{"line":56,"column":0},"end":{"line":60,"column":1}},{"start":{"line":56,"column":0},"end":{"line":60,"column":1}}],"line":56},"2":{"loc":{"start":{"line":91,"column":4},"end":{"line":95,"column":5}},"type":"if","locations":[{"start":{"line":91,"column":4},"end":{"line":95,"column":5}},{"start":{"line":91,"column":4},"end":{"line":95,"column":5}}],"line":91},"3":{"loc":{"start":{"line":91,"column":8},"end":{"line":91,"column":69}},"type":"binary-expr","locations":[{"start":{"line":91,"column":8},"end":{"line":91,"column":30}},{"start":{"line":91,"column":34},"end":{"line":91,"column":52}},{"start":{"line":91,"column":56},"end":{"line":91,"column":69}}],"line":91},"4":{"loc":{"start":{"line":103,"column":2},"end":{"line":106,"column":3}},"type":"if","locations":[{"start":{"line":103,"column":2},"end":{"line":106,"column":3}},{"start":{"line":103,"column":2},"end":{"line":106,"column":3}}],"line":103},"5":{"loc":{"start":{"line":110,"column":2},"end":{"line":115,"column":3}},"type":"if","locations":[{"start":{"line":110,"column":2},"end":{"line":115,"column":3}},{"start":{"line":110,"column":2},"end":{"line":115,"column":3}}],"line":110},"6":{"loc":{"start":{"line":121,"column":2},"end":{"line":123,"column":3}},"type":"if","locations":[{"start":{"line":121,"column":2},"end":{"line":123,"column":3}},{"start":{"line":121,"column":2},"end":{"line":123,"column":3}}],"line":121},"7":{"loc":{"start":{"line":127,"column":2},"end":{"line":129,"column":3}},"type":"if","locations":[{"start":{"line":127,"column":2},"end":{"line":129,"column":3}},{"start":{"line":127,"column":2},"end":{"line":129,"column":3}}],"line":127},"8":{"loc":{"start":{"line":152,"column":29},"end":{"line":152,"column":45}},"type":"default-arg","locations":[{"start":{"line":152,"column":36},"end":{"line":152,"column":45}}],"line":152},"9":{"loc":{"start":{"line":201,"column":6},"end":{"line":203,"column":7}},"type":"if","locations":[{"start":{"line":201,"column":6},"end":{"line":203,"column":7}},{"start":{"line":201,"column":6},"end":{"line":203,"column":7}}],"line":201},"10":{"loc":{"start":{"line":209,"column":2},"end":{"line":212,"column":3}},"type":"if","locations":[{"start":{"line":209,"column":2},"end":{"line":212,"column":3}},{"start":{"line":209,"column":2},"end":{"line":212,"column":3}}],"line":209}},"s":{"0":0,"1":0,"2":0,"3":0,"4":0,"5":0,"6":0,"7":0,"8":0,"9":0,"10":0,"11":0,"12":0,"13":0,"14":0,"15":0,"16":0,"17":0,"18":0,"19":0,"20":0,"21":0,"22":0,"23":0,"24":0,"25":0,"26":0,"27":0,"28":0,"29":0,"30":0,"31":0,"32":0,"33":0,"34":0,"35":0,"36":0,"37":0,"38":0,"39":0,"40":0,"41":0,"42":0,"43":0,"44":0,"45":0,"46":0,"47":0,"48":0,"49":0,"50":0,"51":0,"52":0,"53":0,"54":0,"55":0,"56":0,"57":0,"58":0,"59":0,"60":0,"61":0,"62":0,"63":0,"64":0,"65":0,"66":0,"67":0,"68":0,"69":0,"70":0,"71":0,"72":0,"73":0,"74":0},"f":{"0":0,"1":0,"2":0,"3":0,"4":0,"5":0,"6":0,"7":0,"8":0,"9":0,"10":0,"11":0,"12":0,"13":0,"14":0,"15":0,"16":0,"17":0,"18":0},"b":{"0":[0,0],"1":[0,0],"2":[0,0],"3":[0,0,0],"4":[0,0],"5":[0,0],"6":[0,0],"7":[0,0],"8":[0],"9":[0,0],"10":[0,0]},"hash":"a79039eca2e5cf412bda2a513724ade13288f54d"}
,"/Users/ban/code/volentix/vdex-test-gui-example/src-electron/main-process/electron-menu.js": {"path":"/Users/ban/code/volentix/vdex-test-gui-example/src-electron/main-process/electron-menu.js","statementMap":{"0":{"start":{"line":2,"column":19},"end":{"line":113,"column":3}},"1":{"start":{"line":102,"column":12},"end":{"line":102,"column":83}},"2":{"start":{"line":108,"column":12},"end":{"line":108,"column":74}},"3":{"start":{"line":115,"column":2},"end":{"line":122,"column":3}},"4":{"start":{"line":116,"column":4},"end":{"line":121,"column":6}},"5":{"start":{"line":124,"column":2},"end":{"line":182,"column":3}},"6":{"start":{"line":125,"column":17},"end":{"line":125,"column":30}},"7":{"start":{"line":126,"column":4},"end":{"line":170,"column":6}},"8":{"start":{"line":165,"column":12},"end":{"line":165,"column":32}},"9":{"start":{"line":166,"column":12},"end":{"line":166,"column":22}},"10":{"start":{"line":171,"column":23},"end":{"line":173,"column":6}},"11":{"start":{"line":172,"column":6},"end":{"line":172,"column":32}},"12":{"start":{"line":174,"column":4},"end":{"line":181,"column":5}},"13":{"start":{"line":175,"column":6},"end":{"line":180,"column":8}},"14":{"start":{"line":184,"column":2},"end":{"line":184,"column":17}}},"fnMap":{"0":{"name":"vdexnodeMenu","decl":{"start":{"line":1,"column":9},"end":{"line":1,"column":21}},"loc":{"start":{"line":1,"column":47},"end":{"line":185,"column":1}},"line":1},"1":{"name":"(anonymous_1)","decl":{"start":{"line":101,"column":10},"end":{"line":101,"column":11}},"loc":{"start":{"line":101,"column":19},"end":{"line":103,"column":11}},"line":101},"2":{"name":"(anonymous_2)","decl":{"start":{"line":107,"column":10},"end":{"line":107,"column":11}},"loc":{"start":{"line":107,"column":19},"end":{"line":109,"column":11}},"line":107},"3":{"name":"(anonymous_3)","decl":{"start":{"line":164,"column":17},"end":{"line":164,"column":18}},"loc":{"start":{"line":164,"column":29},"end":{"line":167,"column":11}},"line":164},"4":{"name":"(anonymous_4)","decl":{"start":{"line":171,"column":37},"end":{"line":171,"column":38}},"loc":{"start":{"line":171,"column":50},"end":{"line":173,"column":5}},"line":171}},"branchMap":{"0":{"loc":{"start":{"line":115,"column":2},"end":{"line":122,"column":3}},"type":"if","locations":[{"start":{"line":115,"column":2},"end":{"line":122,"column":3}},{"start":{"line":115,"column":2},"end":{"line":122,"column":3}}],"line":115},"1":{"loc":{"start":{"line":124,"column":2},"end":{"line":182,"column":3}},"type":"if","locations":[{"start":{"line":124,"column":2},"end":{"line":182,"column":3}},{"start":{"line":124,"column":2},"end":{"line":182,"column":3}}],"line":124},"2":{"loc":{"start":{"line":174,"column":4},"end":{"line":181,"column":5}},"type":"if","locations":[{"start":{"line":174,"column":4},"end":{"line":181,"column":5}},{"start":{"line":174,"column":4},"end":{"line":181,"column":5}}],"line":174}},"s":{"0":0,"1":0,"2":0,"3":0,"4":0,"5":0,"6":0,"7":0,"8":0,"9":0,"10":0,"11":0,"12":0,"13":0,"14":0},"f":{"0":0,"1":0,"2":0,"3":0,"4":0},"b":{"0":[0,0],"1":[0,0],"2":[0,0]},"hash":"3da7600c6989c6b2af100a81eb393386c1b8cf83"}
,"/Users/ban/code/volentix/vdex-test-gui-example/src/boot/axios.js": {"path":"/Users/ban/code/volentix/vdex-test-gui-example/src/boot/axios.js","statementMap":{"0":{"start":{"line":4,"column":2},"end":{"line":4,"column":29}}},"fnMap":{"0":{"name":"(anonymous_0)","decl":{"start":{"line":3,"column":15},"end":{"line":3,"column":16}},"loc":{"start":{"line":3,"column":34},"end":{"line":5,"column":1}},"line":3}},"branchMap":{},"s":{"0":0},"f":{"0":0},"b":{},"hash":"3eaadf40b9133884d955615835064b7834827130"}
,"/Users/ban/code/volentix/vdex-test-gui-example/src/boot/configManager.js": {"path":"/Users/ban/code/volentix/vdex-test-gui-example/src/boot/configManager.js","statementMap":{"0":{"start":{"line":3,"column":0},"end":{"line":3,"column":25}},"1":{"start":{"line":6,"column":2},"end":{"line":6,"column":46}}},"fnMap":{"0":{"name":"(anonymous_0)","decl":{"start":{"line":5,"column":15},"end":{"line":5,"column":16}},"loc":{"start":{"line":5,"column":28},"end":{"line":7,"column":1}},"line":5}},"branchMap":{},"s":{"0":0,"1":0},"f":{"0":0},"b":{},"hash":"8ba554f49c00ea8340386c8d92aa4a7609551d1e"}
,"/Users/ban/code/volentix/vdex-test-gui-example/src/boot/errorHandler.js": {"path":"/Users/ban/code/volentix/vdex-test-gui-example/src/boot/errorHandler.js","statementMap":{"0":{"start":{"line":4,"column":2},"end":{"line":4,"column":38}}},"fnMap":{"0":{"name":"(anonymous_0)","decl":{"start":{"line":3,"column":15},"end":{"line":3,"column":16}},"loc":{"start":{"line":3,"column":28},"end":{"line":5,"column":1}},"line":3}},"branchMap":{},"s":{"0":0},"f":{"0":0},"b":{},"hash":"f71c66460bdd0c0d393f82026f80f423f93ff829"}
,"/Users/ban/code/volentix/vdex-test-gui-example/src/boot/i18n.js": {"path":"/Users/ban/code/volentix/vdex-test-gui-example/src/boot/i18n.js","statementMap":{"0":{"start":{"line":5,"column":0},"end":{"line":5,"column":16}},"1":{"start":{"line":7,"column":13},"end":{"line":11,"column":2}},"2":{"start":{"line":15,"column":2},"end":{"line":15,"column":17}}},"fnMap":{"0":{"name":"(anonymous_0)","decl":{"start":{"line":13,"column":15},"end":{"line":13,"column":16}},"loc":{"start":{"line":13,"column":28},"end":{"line":16,"column":1}},"line":13}},"branchMap":{},"s":{"0":0,"1":0,"2":0},"f":{"0":0},"b":{},"hash":"e2b4cfddb89b76cdde123b91ce64ea6d236b10e6"}
,"/Users/ban/code/volentix/vdex-test-gui-example/src/boot/resultHandler.js": {"path":"/Users/ban/code/volentix/vdex-test-gui-example/src/boot/resultHandler.js","statementMap":{"0":{"start":{"line":4,"column":2},"end":{"line":4,"column":40}}},"fnMap":{"0":{"name":"(anonymous_0)","decl":{"start":{"line":3,"column":15},"end":{"line":3,"column":16}},"loc":{"start":{"line":3,"column":28},"end":{"line":5,"column":1}},"line":3}},"branchMap":{},"s":{"0":0},"f":{"0":0},"b":{},"hash":"d07292431a768d8d5f32068ddf32afa3e474c097"}
,"/Users/ban/code/volentix/vdex-test-gui-example/src/boot/utils.js": {"path":"/Users/ban/code/volentix/vdex-test-gui-example/src/boot/utils.js","statementMap":{"0":{"start":{"line":4,"column":2},"end":{"line":4,"column":30}}},"fnMap":{"0":{"name":"(anonymous_0)","decl":{"start":{"line":3,"column":15},"end":{"line":3,"column":16}},"loc":{"start":{"line":3,"column":28},"end":{"line":5,"column":1}},"line":3}},"branchMap":{},"s":{"0":0},"f":{"0":0},"b":{},"hash":"b1fd0e47e766e9bfb4394d15402084b0d1de89f3"}
,"/Users/ban/code/volentix/vdex-test-gui-example/src/components/ChatWidget.vue": {"path":"/Users/ban/code/volentix/vdex-test-gui-example/src/components/ChatWidget.vue","statementMap":{"0":{"start":{"line":54,"column":0},"end":{"line":54,"column":null}}},"fnMap":{"0":{"name":"data","decl":{"start":{"line":53,"column":0},"end":{"line":53,"column":null}},"loc":{"start":{"line":53,"column":0},"end":{"line":55,"column":null}}},"1":{"name":"mounted","decl":{"start":{"line":56,"column":0},"end":{"line":56,"column":null}},"loc":{"start":{"line":56,"column":0},"end":{"line":56,"column":null}}}},"branchMap":{},"s":{"0":0},"f":{"0":0,"1":0},"b":{}}
,"/Users/ban/code/volentix/vdex-test-gui-example/src/components/MapWidget.vue": {"path":"/Users/ban/code/volentix/vdex-test-gui-example/src/components/MapWidget.vue","statementMap":{"0":{"start":{"line":43,"column":0},"end":{"line":43,"column":null}},"1":{"start":{"line":49,"column":0},"end":{"line":49,"column":null}},"2":{"start":{"line":76,"column":0},"end":{"line":76,"column":null}},"3":{"start":{"line":77,"column":0},"end":{"line":77,"column":null}},"4":{"start":{"line":78,"column":0},"end":{"line":78,"column":null}},"5":{"start":{"line":79,"column":0},"end":{"line":79,"column":null}},"6":{"start":{"line":83,"column":0},"end":{"line":83,"column":null}},"7":{"start":{"line":84,"column":0},"end":{"line":84,"column":null}},"8":{"start":{"line":87,"column":0},"end":{"line":87,"column":null}},"9":{"start":{"line":87,"column":0},"end":{"line":124,"column":null}},"10":{"start":{"line":94,"column":0},"end":{"line":123,"column":null}},"11":{"start":{"line":97,"column":0},"end":{"line":97,"column":null}},"12":{"start":{"line":98,"column":0},"end":{"line":106,"column":null}},"13":{"start":{"line":99,"column":0},"end":{"line":99,"column":null}},"14":{"start":{"line":100,"column":0},"end":{"line":100,"column":null}},"15":{"start":{"line":107,"column":0},"end":{"line":107,"column":null}},"16":{"start":{"line":109,"column":0},"end":{"line":117,"column":null}},"17":{"start":{"line":109,"column":0},"end":{"line":109,"column":null}},"18":{"start":{"line":110,"column":0},"end":{"line":110,"column":null}},"19":{"start":{"line":119,"column":0},"end":{"line":119,"column":null}},"20":{"start":{"line":122,"column":0},"end":{"line":122,"column":null}},"21":{"start":{"line":87,"column":0},"end":{"line":162,"column":null}},"22":{"start":{"line":128,"column":0},"end":{"line":161,"column":null}},"23":{"start":{"line":129,"column":0},"end":{"line":129,"column":null}},"24":{"start":{"line":130,"column":0},"end":{"line":130,"column":null}},"25":{"start":{"line":131,"column":0},"end":{"line":139,"column":null}},"26":{"start":{"line":132,"column":0},"end":{"line":132,"column":null}},"27":{"start":{"line":133,"column":0},"end":{"line":133,"column":null}},"28":{"start":{"line":140,"column":0},"end":{"line":140,"column":null}},"29":{"start":{"line":151,"column":0},"end":{"line":159,"column":null}},"30":{"start":{"line":151,"column":0},"end":{"line":151,"column":null}},"31":{"start":{"line":152,"column":0},"end":{"line":152,"column":null}},"32":{"start":{"line":165,"column":0},"end":{"line":165,"column":null}},"33":{"start":{"line":167,"column":0},"end":{"line":167,"column":null}},"34":{"start":{"line":168,"column":0},"end":{"line":181,"column":null}},"35":{"start":{"line":169,"column":0},"end":{"line":169,"column":null}},"36":{"start":{"line":170,"column":0},"end":{"line":178,"column":null}},"37":{"start":{"line":171,"column":0},"end":{"line":175,"column":null}},"38":{"start":{"line":171,"column":0},"end":{"line":171,"column":null}},"39":{"start":{"line":172,"column":0},"end":{"line":174,"column":null}},"40":{"start":{"line":173,"column":0},"end":{"line":173,"column":null}},"41":{"start":{"line":177,"column":0},"end":{"line":177,"column":null}},"42":{"start":{"line":180,"column":0},"end":{"line":180,"column":null}},"43":{"start":{"line":184,"column":0},"end":{"line":184,"column":null}},"44":{"start":{"line":193,"column":0},"end":{"line":204,"column":null}},"45":{"start":{"line":193,"column":0},"end":{"line":193,"column":null}},"46":{"start":{"line":194,"column":0},"end":{"line":194,"column":null}}},"fnMap":{"0":{"name":"data","decl":{"start":{"line":48,"column":0},"end":{"line":48,"column":null}},"loc":{"start":{"line":48,"column":0},"end":{"line":74,"column":null}}},"1":{"name":"mounted","decl":{"start":{"line":75,"column":0},"end":{"line":75,"column":null}},"loc":{"start":{"line":75,"column":0},"end":{"line":80,"column":null}}},"2":{"name":"nodeGeoData","decl":{"start":{"line":82,"column":0},"end":{"line":82,"column":null}},"loc":{"start":{"line":82,"column":0},"end":{"line":85,"column":null}}},"3":{"name":"(anonymous_4)","decl":{"start":{"line":88,"column":0},"end":{"line":88,"column":null}},"loc":{"start":{"line":88,"column":0},"end":{"line":87,"column":null}}},"4":{"name":"_callee","decl":{"start":{"line":87,"column":0},"end":{"line":87,"column":null}},"loc":{"start":{"line":87,"column":0},"end":{"line":87,"column":null}}},"5":{"name":"(anonymous_8)","decl":{"start":{"line":92,"column":0},"end":{"line":92,"column":null}},"loc":{"start":{"line":92,"column":0},"end":{"line":87,"column":null}}},"6":{"name":"(anonymous_12)","decl":{"start":{"line":94,"column":0},"end":{"line":94,"column":null}},"loc":{"start":{"line":94,"column":0},"end":{"line":120,"column":null}}},"7":{"name":"(anonymous_13)","decl":{"start":{"line":120,"column":0},"end":{"line":120,"column":null}},"loc":{"start":{"line":120,"column":0},"end":{"line":123,"column":null}}},"8":{"name":"(anonymous_15)","decl":{"start":{"line":126,"column":0},"end":{"line":126,"column":null}},"loc":{"start":{"line":126,"column":0},"end":{"line":87,"column":null}}},"9":{"name":"(anonymous_19)","decl":{"start":{"line":128,"column":0},"end":{"line":128,"column":null}},"loc":{"start":{"line":128,"column":0},"end":{"line":161,"column":null}}},"10":{"name":"mapInit","decl":{"start":{"line":164,"column":0},"end":{"line":164,"column":null}},"loc":{"start":{"line":164,"column":0},"end":{"line":166,"column":null}}},"11":{"name":"mapCentering","decl":{"start":{"line":167,"column":0},"end":{"line":167,"column":null}},"loc":{"start":{"line":167,"column":0},"end":{"line":182,"column":null}}},"12":{"name":"(anonymous_23)","decl":{"start":{"line":169,"column":0},"end":{"line":169,"column":null}},"loc":{"start":{"line":169,"column":0},"end":{"line":169,"column":null}}},"13":{"name":"mapLoad","decl":{"start":{"line":183,"column":0},"end":{"line":183,"column":null}},"loc":{"start":{"line":183,"column":0},"end":{"line":191,"column":null}}},"14":{"name":"markersLoad","decl":{"start":{"line":192,"column":0},"end":{"line":192,"column":null}},"loc":{"start":{"line":192,"column":0},"end":{"line":205,"column":null}}}},"branchMap":{"0":{"loc":{"start":{"line":87,"column":0},"end":{"line":87,"column":null}},"type":"switch","locations":[{"start":{"line":87,"column":0},"end":{"line":87,"column":null}},{"start":{"line":87,"column":0},"end":{"line":87,"column":null}},{"start":{"line":87,"column":0},"end":{"line":87,"column":null}}]},"1":{"loc":{"start":{"line":87,"column":0},"end":{"line":124,"column":null}},"type":"switch","locations":[{"start":{"line":87,"column":0},"end":{"line":124,"column":null}},{"start":{"line":87,"column":0},"end":{"line":87,"column":null}},{"start":{"line":87,"column":0},"end":{"line":87,"column":null}}]},"2":{"loc":{"start":{"line":87,"column":0},"end":{"line":162,"column":null}},"type":"switch","locations":[{"start":{"line":87,"column":0},"end":{"line":162,"column":null}},{"start":{"line":87,"column":0},"end":{"line":87,"column":null}},{"start":{"line":87,"column":0},"end":{"line":87,"column":null}}]},"3":{"loc":{"start":{"line":168,"column":0},"end":{"line":181,"column":null}},"type":"if","locations":[{"start":{"line":168,"column":0},"end":{"line":181,"column":null}},{"start":{"line":168,"column":0},"end":{"line":181,"column":null}}]},"4":{"loc":{"start":{"line":170,"column":0},"end":{"line":178,"column":null}},"type":"if","locations":[{"start":{"line":170,"column":0},"end":{"line":178,"column":null}},{"start":{"line":170,"column":0},"end":{"line":178,"column":null}}]},"5":{"loc":{"start":{"line":172,"column":0},"end":{"line":174,"column":null}},"type":"if","locations":[{"start":{"line":172,"column":0},"end":{"line":174,"column":null}},{"start":{"line":172,"column":0},"end":{"line":174,"column":null}}]}},"s":{"0":0,"1":0,"2":0,"3":0,"4":0,"5":0,"6":0,"7":0,"8":0,"9":0,"10":0,"11":0,"12":0,"13":0,"14":0,"15":0,"16":0,"17":0,"18":0,"19":0,"20":0,"21":0,"22":0,"23":0,"24":0,"25":0,"26":0,"27":0,"28":0,"29":0,"30":0,"31":0,"32":0,"33":0,"34":0,"35":0,"36":0,"37":0,"38":0,"39":0,"40":0,"41":0,"42":0,"43":0,"44":0,"45":0,"46":0},"f":{"0":0,"1":0,"2":0,"3":0,"4":0,"5":0,"6":0,"7":0,"8":0,"9":0,"10":0,"11":0,"12":0,"13":0,"14":0},"b":{"0":[0,0,0],"1":[0,0,0],"2":[0,0,0],"3":[0,0],"4":[0,0],"5":[0,0]}}
,"/Users/ban/code/volentix/vdex-test-gui-example/src/i18n/index.js": {"path":"/Users/ban/code/volentix/vdex-test-gui-example/src/i18n/index.js","statementMap":{},"fnMap":{},"branchMap":{},"s":{},"f":{},"b":{},"hash":"4cc4998b00cd662b107e54c36d7601b2d6574a26"}
,"/Users/ban/code/volentix/vdex-test-gui-example/src/i18n/en-us/index.js": {"path":"/Users/ban/code/volentix/vdex-test-gui-example/src/i18n/en-us/index.js","statementMap":{},"fnMap":{},"branchMap":{},"s":{},"f":{},"b":{},"hash":"d18cae2c14546751df515885dceb510becf0d86f"}
,"/Users/ban/code/volentix/vdex-test-gui-example/src/pages/Index.vue": {"path":"/Users/ban/code/volentix/vdex-test-gui-example/src/pages/Index.vue","statementMap":{"0":{"start":{"line":437,"column":0},"end":{"line":437,"column":null}},"1":{"start":{"line":438,"column":0},"end":{"line":438,"column":null}},"2":{"start":{"line":474,"column":0},"end":{"line":474,"column":null}},"3":{"start":{"line":507,"column":0},"end":{"line":507,"column":null}},"4":{"start":{"line":510,"column":0},"end":{"line":510,"column":null}},"5":{"start":{"line":513,"column":0},"end":{"line":513,"column":null}},"6":{"start":{"line":516,"column":0},"end":{"line":516,"column":null}},"7":{"start":{"line":519,"column":0},"end":{"line":519,"column":null}},"8":{"start":{"line":522,"column":0},"end":{"line":522,"column":null}},"9":{"start":{"line":523,"column":0},"end":{"line":523,"column":null}},"10":{"start":{"line":524,"column":0},"end":{"line":524,"column":null}},"11":{"start":{"line":525,"column":0},"end":{"line":525,"column":null}},"12":{"start":{"line":526,"column":0},"end":{"line":526,"column":null}},"13":{"start":{"line":527,"column":0},"end":{"line":527,"column":null}},"14":{"start":{"line":529,"column":0},"end":{"line":529,"column":null}},"15":{"start":{"line":530,"column":0},"end":{"line":530,"column":null}},"16":{"start":{"line":531,"column":0},"end":{"line":531,"column":null}},"17":{"start":{"line":532,"column":0},"end":{"line":532,"column":null}},"18":{"start":{"line":533,"column":0},"end":{"line":533,"column":null}},"19":{"start":{"line":536,"column":0},"end":{"line":536,"column":null}},"20":{"start":{"line":537,"column":0},"end":{"line":537,"column":null}},"21":{"start":{"line":540,"column":0},"end":{"line":540,"column":null}},"22":{"start":{"line":543,"column":0},"end":{"line":543,"column":null}},"23":{"start":{"line":544,"column":0},"end":{"line":544,"column":null}},"24":{"start":{"line":547,"column":0},"end":{"line":547,"column":null}},"25":{"start":{"line":548,"column":0},"end":{"line":553,"column":null}},"26":{"start":{"line":548,"column":0},"end":{"line":548,"column":null}},"27":{"start":{"line":549,"column":0},"end":{"line":549,"column":null}},"28":{"start":{"line":556,"column":0},"end":{"line":565,"column":null}},"29":{"start":{"line":557,"column":0},"end":{"line":557,"column":null}},"30":{"start":{"line":558,"column":0},"end":{"line":558,"column":null}},"31":{"start":{"line":560,"column":0},"end":{"line":564,"column":null}},"32":{"start":{"line":561,"column":0},"end":{"line":561,"column":null}},"33":{"start":{"line":563,"column":0},"end":{"line":563,"column":null}},"34":{"start":{"line":568,"column":0},"end":{"line":568,"column":null}},"35":{"start":{"line":569,"column":0},"end":{"line":569,"column":null}},"36":{"start":{"line":570,"column":0},"end":{"line":570,"column":null}},"37":{"start":{"line":571,"column":0},"end":{"line":571,"column":null}},"38":{"start":{"line":574,"column":0},"end":{"line":574,"column":null}},"39":{"start":{"line":575,"column":0},"end":{"line":575,"column":null}},"40":{"start":{"line":576,"column":0},"end":{"line":576,"column":null}},"41":{"start":{"line":579,"column":0},"end":{"line":579,"column":null}},"42":{"start":{"line":580,"column":0},"end":{"line":580,"column":null}},"43":{"start":{"line":582,"column":0},"end":{"line":582,"column":null}},"44":{"start":{"line":583,"column":0},"end":{"line":583,"column":null}},"45":{"start":{"line":584,"column":0},"end":{"line":586,"column":null}},"46":{"start":{"line":585,"column":0},"end":{"line":585,"column":null}},"47":{"start":{"line":588,"column":0},"end":{"line":610,"column":null}},"48":{"start":{"line":589,"column":0},"end":{"line":591,"column":null}},"49":{"start":{"line":590,"column":0},"end":{"line":590,"column":null}},"50":{"start":{"line":592,"column":0},"end":{"line":592,"column":null}},"51":{"start":{"line":594,"column":0},"end":{"line":609,"column":null}},"52":{"start":{"line":595,"column":0},"end":{"line":601,"column":null}},"53":{"start":{"line":595,"column":0},"end":{"line":595,"column":null}},"54":{"start":{"line":596,"column":0},"end":{"line":596,"column":null}},"55":{"start":{"line":597,"column":0},"end":{"line":597,"column":null}},"56":{"start":{"line":598,"column":0},"end":{"line":598,"column":null}},"57":{"start":{"line":599,"column":0},"end":{"line":599,"column":null}},"58":{"start":{"line":600,"column":0},"end":{"line":600,"column":null}},"59":{"start":{"line":602,"column":0},"end":{"line":602,"column":null}},"60":{"start":{"line":603,"column":0},"end":{"line":609,"column":null}},"61":{"start":{"line":604,"column":0},"end":{"line":604,"column":null}},"62":{"start":{"line":605,"column":0},"end":{"line":605,"column":null}},"63":{"start":{"line":606,"column":0},"end":{"line":608,"column":null}},"64":{"start":{"line":607,"column":0},"end":{"line":607,"column":null}},"65":{"start":{"line":613,"column":0},"end":{"line":613,"column":null}},"66":{"start":{"line":616,"column":0},"end":{"line":621,"column":null}},"67":{"start":{"line":620,"column":0},"end":{"line":620,"column":null}},"68":{"start":{"line":624,"column":0},"end":{"line":629,"column":null}},"69":{"start":{"line":628,"column":0},"end":{"line":628,"column":null}},"70":{"start":{"line":631,"column":0},"end":{"line":631,"column":null}},"71":{"start":{"line":632,"column":0},"end":{"line":640,"column":null}},"72":{"start":{"line":635,"column":0},"end":{"line":635,"column":null}},"73":{"start":{"line":636,"column":0},"end":{"line":636,"column":null}},"74":{"start":{"line":639,"column":0},"end":{"line":639,"column":null}},"75":{"start":{"line":642,"column":0},"end":{"line":642,"column":null}},"76":{"start":{"line":643,"column":0},"end":{"line":651,"column":null}},"77":{"start":{"line":646,"column":0},"end":{"line":646,"column":null}},"78":{"start":{"line":647,"column":0},"end":{"line":647,"column":null}},"79":{"start":{"line":650,"column":0},"end":{"line":650,"column":null}},"80":{"start":{"line":546,"column":0},"end":{"line":546,"column":null}},"81":{"start":{"line":655,"column":0},"end":{"line":655,"column":null}},"82":{"start":{"line":656,"column":0},"end":{"line":658,"column":null}},"83":{"start":{"line":657,"column":0},"end":{"line":657,"column":null}},"84":{"start":{"line":546,"column":0},"end":{"line":686,"column":null}},"85":{"start":{"line":662,"column":0},"end":{"line":685,"column":null}},"86":{"start":{"line":666,"column":0},"end":{"line":679,"column":null}},"87":{"start":{"line":667,"column":0},"end":{"line":678,"column":null}},"88":{"start":{"line":668,"column":0},"end":{"line":668,"column":null}},"89":{"start":{"line":680,"column":0},"end":{"line":680,"column":null}},"90":{"start":{"line":681,"column":0},"end":{"line":681,"column":null}},"91":{"start":{"line":684,"column":0},"end":{"line":684,"column":null}},"92":{"start":{"line":690,"column":0},"end":{"line":690,"column":null}},"93":{"start":{"line":691,"column":0},"end":{"line":691,"column":null}},"94":{"start":{"line":693,"column":0},"end":{"line":693,"column":null}},"95":{"start":{"line":694,"column":0},"end":{"line":694,"column":null}},"96":{"start":{"line":695,"column":0},"end":{"line":695,"column":null}},"97":{"start":{"line":696,"column":0},"end":{"line":696,"column":null}},"98":{"start":{"line":697,"column":0},"end":{"line":697,"column":null}},"99":{"start":{"line":698,"column":0},"end":{"line":698,"column":null}},"100":{"start":{"line":700,"column":0},"end":{"line":700,"column":null}},"101":{"start":{"line":701,"column":0},"end":{"line":712,"column":null}},"102":{"start":{"line":702,"column":0},"end":{"line":702,"column":null}},"103":{"start":{"line":703,"column":0},"end":{"line":707,"column":null}},"104":{"start":{"line":704,"column":0},"end":{"line":704,"column":null}},"105":{"start":{"line":705,"column":0},"end":{"line":705,"column":null}},"106":{"start":{"line":706,"column":0},"end":{"line":706,"column":null}},"107":{"start":{"line":708,"column":0},"end":{"line":708,"column":null}},"108":{"start":{"line":709,"column":0},"end":{"line":709,"column":null}},"109":{"start":{"line":711,"column":0},"end":{"line":711,"column":null}},"110":{"start":{"line":714,"column":0},"end":{"line":714,"column":null}},"111":{"start":{"line":715,"column":0},"end":{"line":715,"column":null}},"112":{"start":{"line":716,"column":0},"end":{"line":716,"column":null}},"113":{"start":{"line":717,"column":0},"end":{"line":717,"column":null}},"114":{"start":{"line":720,"column":0},"end":{"line":720,"column":null}}},"fnMap":{"0":{"name":"data","decl":{"start":{"line":473,"column":0},"end":{"line":473,"column":null}},"loc":{"start":{"line":473,"column":0},"end":{"line":504,"column":null}}},"1":{"name":"blur","decl":{"start":{"line":506,"column":0},"end":{"line":506,"column":null}},"loc":{"start":{"line":506,"column":0},"end":{"line":508,"column":null}}},"2":{"name":"loggedIn","decl":{"start":{"line":509,"column":0},"end":{"line":509,"column":null}},"loc":{"start":{"line":509,"column":0},"end":{"line":511,"column":null}}},"3":{"name":"identity","decl":{"start":{"line":512,"column":0},"end":{"line":512,"column":null}},"loc":{"start":{"line":512,"column":0},"end":{"line":514,"column":null}}},"4":{"name":"status","decl":{"start":{"line":515,"column":0},"end":{"line":515,"column":null}},"loc":{"start":{"line":515,"column":0},"end":{"line":517,"column":null}}},"5":{"name":"registered_nodes","decl":{"start":{"line":518,"column":0},"end":{"line":518,"column":null}},"loc":{"start":{"line":518,"column":0},"end":{"line":520,"column":null}}},"6":{"name":"mounted","decl":{"start":{"line":522,"column":0},"end":{"line":522,"column":null}},"loc":{"start":{"line":522,"column":0},"end":{"line":538,"column":null}}},"7":{"name":"(anonymous_8)","decl":{"start":{"line":533,"column":0},"end":{"line":533,"column":null}},"loc":{"start":{"line":533,"column":0},"end":{"line":533,"column":null}}},"8":{"name":"(anonymous_9)","decl":{"start":{"line":536,"column":0},"end":{"line":536,"column":null}},"loc":{"start":{"line":536,"column":0},"end":{"line":536,"column":null}}},"9":{"name":"(anonymous_10)","decl":{"start":{"line":537,"column":0},"end":{"line":537,"column":null}},"loc":{"start":{"line":537,"column":0},"end":{"line":537,"column":null}}},"10":{"name":"beforeDestroy","decl":{"start":{"line":539,"column":0},"end":{"line":539,"column":null}},"loc":{"start":{"line":539,"column":0},"end":{"line":545,"column":null}}},"11":{"name":"checkAccountRun","decl":{"start":{"line":547,"column":0},"end":{"line":547,"column":null}},"loc":{"start":{"line":547,"column":0},"end":{"line":554,"column":null}}},"12":{"name":"(anonymous_13)","decl":{"start":{"line":548,"column":0},"end":{"line":548,"column":null}},"loc":{"start":{"line":548,"column":0},"end":{"line":548,"column":null}}},"13":{"name":"addToVote","decl":{"start":{"line":555,"column":0},"end":{"line":555,"column":null}},"loc":{"start":{"line":555,"column":0},"end":{"line":566,"column":null}}},"14":{"name":"refresh","decl":{"start":{"line":567,"column":0},"end":{"line":567,"column":null}},"loc":{"start":{"line":567,"column":0},"end":{"line":572,"column":null}}},"15":{"name":"getInfoRare","decl":{"start":{"line":573,"column":0},"end":{"line":573,"column":null}},"loc":{"start":{"line":573,"column":0},"end":{"line":577,"column":null}}},"16":{"name":"getInfoOften","decl":{"start":{"line":578,"column":0},"end":{"line":578,"column":null}},"loc":{"start":{"line":578,"column":0},"end":{"line":581,"column":null}}},"17":{"name":"getVoteBackList","decl":{"start":{"line":582,"column":0},"end":{"line":582,"column":null}},"loc":{"start":{"line":582,"column":0},"end":{"line":611,"column":null}}},"18":{"name":"(anonymous_19)","decl":{"start":{"line":584,"column":0},"end":{"line":584,"column":null}},"loc":{"start":{"line":584,"column":0},"end":{"line":586,"column":null}}},"19":{"name":"(anonymous_20)","decl":{"start":{"line":589,"column":0},"end":{"line":589,"column":null}},"loc":{"start":{"line":589,"column":0},"end":{"line":591,"column":null}}},"20":{"name":"(anonymous_21)","decl":{"start":{"line":604,"column":0},"end":{"line":604,"column":null}},"loc":{"start":{"line":604,"column":0},"end":{"line":604,"column":null}}},"21":{"name":"(anonymous_22)","decl":{"start":{"line":606,"column":0},"end":{"line":606,"column":null}},"loc":{"start":{"line":606,"column":0},"end":{"line":608,"column":null}}},"22":{"name":"sortByField","decl":{"start":{"line":612,"column":0},"end":{"line":612,"column":null}},"loc":{"start":{"line":612,"column":0},"end":{"line":614,"column":null}}},"23":{"name":"addNode","decl":{"start":{"line":615,"column":0},"end":{"line":615,"column":null}},"loc":{"start":{"line":615,"column":0},"end":{"line":622,"column":null}}},"24":{"name":"(anonymous_25)","decl":{"start":{"line":616,"column":0},"end":{"line":616,"column":null}},"loc":{"start":{"line":616,"column":0},"end":{"line":616,"column":null}}},"25":{"name":"registerNode","decl":{"start":{"line":623,"column":0},"end":{"line":623,"column":null}},"loc":{"start":{"line":623,"column":0},"end":{"line":630,"column":null}}},"26":{"name":"(anonymous_28)","decl":{"start":{"line":624,"column":0},"end":{"line":624,"column":null}},"loc":{"start":{"line":624,"column":0},"end":{"line":624,"column":null}}},"27":{"name":"retreiveReward","decl":{"start":{"line":631,"column":0},"end":{"line":631,"column":null}},"loc":{"start":{"line":631,"column":0},"end":{"line":641,"column":null}}},"28":{"name":"(anonymous_31)","decl":{"start":{"line":632,"column":0},"end":{"line":632,"column":null}},"loc":{"start":{"line":632,"column":0},"end":{"line":637,"column":null}}},"29":{"name":"(anonymous_32)","decl":{"start":{"line":635,"column":0},"end":{"line":635,"column":null}},"loc":{"start":{"line":635,"column":0},"end":{"line":635,"column":null}}},"30":{"name":"(anonymous_33)","decl":{"start":{"line":636,"column":0},"end":{"line":636,"column":null}},"loc":{"start":{"line":636,"column":0},"end":{"line":636,"column":null}}},"31":{"name":"(anonymous_34)","decl":{"start":{"line":637,"column":0},"end":{"line":637,"column":null}},"loc":{"start":{"line":637,"column":0},"end":{"line":640,"column":null}}},"32":{"name":"vote","decl":{"start":{"line":642,"column":0},"end":{"line":642,"column":null}},"loc":{"start":{"line":642,"column":0},"end":{"line":652,"column":null}}},"33":{"name":"(anonymous_36)","decl":{"start":{"line":643,"column":0},"end":{"line":643,"column":null}},"loc":{"start":{"line":643,"column":0},"end":{"line":648,"column":null}}},"34":{"name":"(anonymous_37)","decl":{"start":{"line":647,"column":0},"end":{"line":647,"column":null}},"loc":{"start":{"line":647,"column":0},"end":{"line":647,"column":null}}},"35":{"name":"(anonymous_38)","decl":{"start":{"line":648,"column":0},"end":{"line":648,"column":null}},"loc":{"start":{"line":648,"column":0},"end":{"line":651,"column":null}}},"36":{"name":"(anonymous_39)","decl":{"start":{"line":653,"column":0},"end":{"line":653,"column":null}},"loc":{"start":{"line":653,"column":0},"end":{"line":546,"column":null}}},"37":{"name":"_callee","decl":{"start":{"line":546,"column":0},"end":{"line":546,"column":null}},"loc":{"start":{"line":546,"column":0},"end":{"line":546,"column":null}}},"38":{"name":"(anonymous_43)","decl":{"start":{"line":660,"column":0},"end":{"line":660,"column":null}},"loc":{"start":{"line":660,"column":0},"end":{"line":546,"column":null}}},"39":{"name":"(anonymous_47)","decl":{"start":{"line":662,"column":0},"end":{"line":662,"column":null}},"loc":{"start":{"line":662,"column":0},"end":{"line":682,"column":null}}},"40":{"name":"(anonymous_48)","decl":{"start":{"line":682,"column":0},"end":{"line":682,"column":null}},"loc":{"start":{"line":682,"column":0},"end":{"line":685,"column":null}}},"41":{"name":"(anonymous_50)","decl":{"start":{"line":688,"column":0},"end":{"line":688,"column":null}},"loc":{"start":{"line":688,"column":0},"end":{"line":546,"column":null}}},"42":{"name":"(anonymous_53)","decl":{"start":{"line":700,"column":0},"end":{"line":700,"column":null}},"loc":{"start":{"line":700,"column":0},"end":{"line":700,"column":null}}},"43":{"name":"(anonymous_54)","decl":{"start":{"line":703,"column":0},"end":{"line":703,"column":null}},"loc":{"start":{"line":703,"column":0},"end":{"line":707,"column":null}}},"44":{"name":"(anonymous_55)","decl":{"start":{"line":708,"column":0},"end":{"line":708,"column":null}},"loc":{"start":{"line":708,"column":0},"end":{"line":708,"column":null}}},"45":{"name":"(anonymous_56)","decl":{"start":{"line":709,"column":0},"end":{"line":709,"column":null}},"loc":{"start":{"line":709,"column":0},"end":{"line":709,"column":null}}}},"branchMap":{"0":{"loc":{"start":{"line":507,"column":0},"end":{"line":507,"column":null}},"type":"binary-expr","locations":[{"start":{"line":507,"column":0},"end":{"line":507,"column":null}},{"start":{"line":507,"column":0},"end":{"line":507,"column":null}},{"start":{"line":507,"column":0},"end":{"line":507,"column":null}},{"start":{"line":507,"column":0},"end":{"line":507,"column":null}}]},"1":{"loc":{"start":{"line":548,"column":0},"end":{"line":553,"column":null}},"type":"if","locations":[{"start":{"line":548,"column":0},"end":{"line":553,"column":null}},{"start":{"line":548,"column":0},"end":{"line":553,"column":null}}]},"2":{"loc":{"start":{"line":548,"column":0},"end":{"line":548,"column":null}},"type":"binary-expr","locations":[{"start":{"line":548,"column":0},"end":{"line":548,"column":null}},{"start":{"line":548,"column":0},"end":{"line":548,"column":null}}]},"3":{"loc":{"start":{"line":556,"column":0},"end":{"line":565,"column":null}},"type":"if","locations":[{"start":{"line":556,"column":0},"end":{"line":565,"column":null}},{"start":{"line":556,"column":0},"end":{"line":565,"column":null}}]},"4":{"loc":{"start":{"line":560,"column":0},"end":{"line":564,"column":null}},"type":"if","locations":[{"start":{"line":560,"column":0},"end":{"line":564,"column":null}},{"start":{"line":560,"column":0},"end":{"line":564,"column":null}}]},"5":{"loc":{"start":{"line":588,"column":0},"end":{"line":610,"column":null}},"type":"if","locations":[{"start":{"line":588,"column":0},"end":{"line":610,"column":null}},{"start":{"line":588,"column":0},"end":{"line":610,"column":null}}]},"6":{"loc":{"start":{"line":594,"column":0},"end":{"line":609,"column":null}},"type":"if","locations":[{"start":{"line":594,"column":0},"end":{"line":609,"column":null}},{"start":{"line":594,"column":0},"end":{"line":609,"column":null}}]},"7":{"loc":{"start":{"line":603,"column":0},"end":{"line":609,"column":null}},"type":"if","locations":[{"start":{"line":603,"column":0},"end":{"line":609,"column":null}},{"start":{"line":603,"column":0},"end":{"line":609,"column":null}}]},"8":{"loc":{"start":{"line":546,"column":0},"end":{"line":546,"column":null}},"type":"switch","locations":[{"start":{"line":546,"column":0},"end":{"line":546,"column":null}},{"start":{"line":546,"column":0},"end":{"line":546,"column":null}},{"start":{"line":546,"column":0},"end":{"line":658,"column":null}},{"start":{"line":546,"column":0},"end":{"line":546,"column":null}},{"start":{"line":546,"column":0},"end":{"line":546,"column":null}}]},"9":{"loc":{"start":{"line":546,"column":0},"end":{"line":686,"column":null}},"type":"switch","locations":[{"start":{"line":546,"column":0},"end":{"line":686,"column":null}},{"start":{"line":546,"column":0},"end":{"line":546,"column":null}},{"start":{"line":546,"column":0},"end":{"line":546,"column":null}}]},"10":{"loc":{"start":{"line":667,"column":0},"end":{"line":678,"column":null}},"type":"if","locations":[{"start":{"line":667,"column":0},"end":{"line":678,"column":null}},{"start":{"line":667,"column":0},"end":{"line":678,"column":null}}]},"11":{"loc":{"start":{"line":546,"column":0},"end":{"line":546,"column":null}},"type":"switch","locations":[{"start":{"line":546,"column":0},"end":{"line":546,"column":null}},{"start":{"line":546,"column":0},"end":{"line":546,"column":null}},{"start":{"line":546,"column":0},"end":{"line":546,"column":null}},{"start":{"line":546,"column":0},"end":{"line":717,"column":null}},{"start":{"line":546,"column":0},"end":{"line":546,"column":null}},{"start":{"line":546,"column":0},"end":{"line":720,"column":null}},{"start":{"line":546,"column":0},"end":{"line":546,"column":null}},{"start":{"line":546,"column":0},"end":{"line":546,"column":null}}]},"12":{"loc":{"start":{"line":691,"column":0},"end":{"line":691,"column":null}},"type":"cond-expr","locations":[{"start":{"line":691,"column":0},"end":{"line":691,"column":null}},{"start":{"line":691,"column":0},"end":{"line":691,"column":null}}]},"13":{"loc":{"start":{"line":546,"column":0},"end":{"line":546,"column":null}},"type":"if","locations":[{"start":{"line":546,"column":0},"end":{"line":546,"column":null}},{"start":{"line":546,"column":0},"end":{"line":546,"column":null}}]},"14":{"loc":{"start":{"line":701,"column":0},"end":{"line":712,"column":null}},"type":"if","locations":[{"start":{"line":701,"column":0},"end":{"line":712,"column":null}},{"start":{"line":701,"column":0},"end":{"line":712,"column":null}}]}},"s":{"0":0,"1":0,"2":0,"3":0,"4":0,"5":0,"6":0,"7":0,"8":0,"9":0,"10":0,"11":0,"12":0,"13":0,"14":0,"15":0,"16":0,"17":0,"18":0,"19":0,"20":0,"21":0,"22":0,"23":0,"24":0,"25":0,"26":0,"27":0,"28":0,"29":0,"30":0,"31":0,"32":0,"33":0,"34":0,"35":0,"36":0,"37":0,"38":0,"39":0,"40":0,"41":0,"42":0,"43":0,"44":0,"45":0,"46":0,"47":0,"48":0,"49":0,"50":0,"51":0,"52":0,"53":0,"54":0,"55":0,"56":0,"57":0,"58":0,"59":0,"60":0,"61":0,"62":0,"63":0,"64":0,"65":0,"66":0,"67":0,"68":0,"69":0,"70":0,"71":0,"72":0,"73":0,"74":0,"75":0,"76":0,"77":0,"78":0,"79":0,"80":0,"81":0,"82":0,"83":0,"84":0,"85":0,"86":0,"87":0,"88":0,"89":0,"90":0,"91":0,"92":0,"93":0,"94":0,"95":0,"96":0,"97":0,"98":0,"99":0,"100":0,"101":0,"102":0,"103":0,"104":0,"105":0,"106":0,"107":0,"108":0,"109":0,"110":0,"111":0,"112":0,"113":0,"114":0},"f":{"0":0,"1":0,"2":0,"3":0,"4":0,"5":0,"6":0,"7":0,"8":0,"9":0,"10":0,"11":0,"12":0,"13":0,"14":0,"15":0,"16":0,"17":0,"18":0,"19":0,"20":0,"21":0,"22":0,"23":0,"24":0,"25":0,"26":0,"27":0,"28":0,"29":0,"30":0,"31":0,"32":0,"33":0,"34":0,"35":0,"36":0,"37":0,"38":0,"39":0,"40":0,"41":0,"42":0,"43":0,"44":0,"45":0},"b":{"0":[0,0,0,0],"1":[0,0],"2":[0,0],"3":[0,0],"4":[0,0],"5":[0,0],"6":[0,0],"7":[0,0],"8":[0,0,0,0,0],"9":[0,0,0],"10":[0,0],"11":[0,0,0,0,0,0,0,0],"12":[0,0],"13":[0,0],"14":[0,0]}}
,"/Users/ban/code/volentix/vdex-test-gui-example/src/pages/Login.vue": {"path":"/Users/ban/code/volentix/vdex-test-gui-example/src/pages/Login.vue","statementMap":{"0":{"start":{"line":41,"column":0},"end":{"line":41,"column":null}},"1":{"start":{"line":45,"column":0},"end":{"line":45,"column":null}},"2":{"start":{"line":53,"column":0},"end":{"line":53,"column":null}},"3":{"start":{"line":54,"column":0},"end":{"line":54,"column":null}},"4":{"start":{"line":55,"column":0},"end":{"line":55,"column":null}},"5":{"start":{"line":59,"column":0},"end":{"line":59,"column":null}},"6":{"start":{"line":60,"column":0},"end":{"line":60,"column":null}},"7":{"start":{"line":57,"column":0},"end":{"line":57,"column":null}},"8":{"start":{"line":63,"column":0},"end":{"line":63,"column":null}},"9":{"start":{"line":65,"column":0},"end":{"line":65,"column":null}},"10":{"start":{"line":67,"column":0},"end":{"line":69,"column":null}},"11":{"start":{"line":68,"column":0},"end":{"line":68,"column":null}},"12":{"start":{"line":70,"column":0},"end":{"line":72,"column":null}},"13":{"start":{"line":71,"column":0},"end":{"line":71,"column":null}},"14":{"start":{"line":73,"column":0},"end":{"line":75,"column":null}},"15":{"start":{"line":74,"column":0},"end":{"line":74,"column":null}}},"fnMap":{"0":{"name":"data","decl":{"start":{"line":44,"column":0},"end":{"line":44,"column":null}},"loc":{"start":{"line":44,"column":0},"end":{"line":51,"column":null}}},"1":{"name":"mounted","decl":{"start":{"line":52,"column":0},"end":{"line":52,"column":null}},"loc":{"start":{"line":52,"column":0},"end":{"line":56,"column":null}}},"2":{"name":"login","decl":{"start":{"line":58,"column":0},"end":{"line":58,"column":null}},"loc":{"start":{"line":58,"column":0},"end":{"line":61,"column":null}}},"3":{"name":"(anonymous_4)","decl":{"start":{"line":62,"column":0},"end":{"line":62,"column":null}},"loc":{"start":{"line":62,"column":0},"end":{"line":57,"column":null}}},"4":{"name":"_callee","decl":{"start":{"line":57,"column":0},"end":{"line":57,"column":null}},"loc":{"start":{"line":57,"column":0},"end":{"line":57,"column":null}}},"5":{"name":"updater","decl":{"start":{"line":65,"column":0},"end":{"line":65,"column":null}},"loc":{"start":{"line":65,"column":0},"end":{"line":76,"column":null}}},"6":{"name":"(anonymous_9)","decl":{"start":{"line":67,"column":0},"end":{"line":67,"column":null}},"loc":{"start":{"line":67,"column":0},"end":{"line":69,"column":null}}},"7":{"name":"(anonymous_10)","decl":{"start":{"line":70,"column":0},"end":{"line":70,"column":null}},"loc":{"start":{"line":70,"column":0},"end":{"line":72,"column":null}}},"8":{"name":"(anonymous_11)","decl":{"start":{"line":73,"column":0},"end":{"line":73,"column":null}},"loc":{"start":{"line":73,"column":0},"end":{"line":75,"column":null}}}},"branchMap":{"0":{"loc":{"start":{"line":57,"column":0},"end":{"line":63,"column":null}},"type":"switch","locations":[{"start":{"line":57,"column":0},"end":{"line":63,"column":null}},{"start":{"line":57,"column":0},"end":{"line":57,"column":null}},{"start":{"line":57,"column":0},"end":{"line":57,"column":null}}]}},"s":{"0":1,"1":1,"2":1,"3":0,"4":0,"5":0,"6":0,"7":2,"8":0,"9":0,"10":0,"11":0,"12":0,"13":0,"14":0,"15":0},"f":{"0":1,"1":1,"2":0,"3":1,"4":0,"5":0,"6":0,"7":0,"8":0},"b":{"0":[0,0,0]}}
,"/Users/ban/code/volentix/vdex-test-gui-example/src/pages/Settings.vue": {"path":"/Users/ban/code/volentix/vdex-test-gui-example/src/pages/Settings.vue","statementMap":{"0":{"start":{"line":128,"column":0},"end":{"line":128,"column":null}},"1":{"start":{"line":129,"column":0},"end":{"line":129,"column":null}},"2":{"start":{"line":134,"column":0},"end":{"line":134,"column":null}},"3":{"start":{"line":147,"column":0},"end":{"line":147,"column":null}},"4":{"start":{"line":150,"column":0},"end":{"line":150,"column":null}},"5":{"start":{"line":151,"column":0},"end":{"line":151,"column":null}},"6":{"start":{"line":152,"column":0},"end":{"line":152,"column":null}},"7":{"start":{"line":155,"column":0},"end":{"line":155,"column":null}},"8":{"start":{"line":158,"column":0},"end":{"line":158,"column":null}},"9":{"start":{"line":159,"column":0},"end":{"line":161,"column":null}},"10":{"start":{"line":160,"column":0},"end":{"line":160,"column":null}},"11":{"start":{"line":162,"column":0},"end":{"line":164,"column":null}},"12":{"start":{"line":163,"column":0},"end":{"line":163,"column":null}},"13":{"start":{"line":168,"column":0},"end":{"line":168,"column":null}},"14":{"start":{"line":169,"column":0},"end":{"line":169,"column":null}},"15":{"start":{"line":173,"column":0},"end":{"line":173,"column":null}},"16":{"start":{"line":174,"column":0},"end":{"line":174,"column":null}},"17":{"start":{"line":175,"column":0},"end":{"line":180,"column":null}},"18":{"start":{"line":176,"column":0},"end":{"line":176,"column":null}},"19":{"start":{"line":178,"column":0},"end":{"line":178,"column":null}},"20":{"start":{"line":179,"column":0},"end":{"line":179,"column":null}},"21":{"start":{"line":181,"column":0},"end":{"line":186,"column":null}},"22":{"start":{"line":182,"column":0},"end":{"line":182,"column":null}},"23":{"start":{"line":184,"column":0},"end":{"line":184,"column":null}},"24":{"start":{"line":185,"column":0},"end":{"line":185,"column":null}}},"fnMap":{"0":{"name":"data","decl":{"start":{"line":133,"column":0},"end":{"line":133,"column":null}},"loc":{"start":{"line":133,"column":0},"end":{"line":144,"column":null}}},"1":{"name":"blur","decl":{"start":{"line":146,"column":0},"end":{"line":146,"column":null}},"loc":{"start":{"line":146,"column":0},"end":{"line":148,"column":null}}},"2":{"name":"mounted","decl":{"start":{"line":150,"column":0},"end":{"line":150,"column":null}},"loc":{"start":{"line":150,"column":0},"end":{"line":153,"column":null}}},"3":{"name":"(anonymous_4)","decl":{"start":{"line":152,"column":0},"end":{"line":152,"column":null}},"loc":{"start":{"line":152,"column":0},"end":{"line":152,"column":null}}},"4":{"name":"beforeDestroy","decl":{"start":{"line":154,"column":0},"end":{"line":154,"column":null}},"loc":{"start":{"line":154,"column":0},"end":{"line":156,"column":null}}},"5":{"name":"checkStatus","decl":{"start":{"line":158,"column":0},"end":{"line":158,"column":null}},"loc":{"start":{"line":158,"column":0},"end":{"line":165,"column":null}}},"6":{"name":"(anonymous_7)","decl":{"start":{"line":159,"column":0},"end":{"line":159,"column":null}},"loc":{"start":{"line":159,"column":0},"end":{"line":161,"column":null}}},"7":{"name":"(anonymous_8)","decl":{"start":{"line":162,"column":0},"end":{"line":162,"column":null}},"loc":{"start":{"line":162,"column":0},"end":{"line":164,"column":null}}},"8":{"name":"updateNodeAPI","decl":{"start":{"line":166,"column":0},"end":{"line":166,"column":null}},"loc":{"start":{"line":166,"column":0},"end":{"line":170,"column":null}}},"9":{"name":"updateEosEndpoint","decl":{"start":{"line":171,"column":0},"end":{"line":171,"column":null}},"loc":{"start":{"line":171,"column":0},"end":{"line":187,"column":null}}}},"branchMap":{"0":{"loc":{"start":{"line":147,"column":0},"end":{"line":147,"column":null}},"type":"binary-expr","locations":[{"start":{"line":147,"column":0},"end":{"line":147,"column":null}},{"start":{"line":147,"column":0},"end":{"line":147,"column":null}}]}},"s":{"0":0,"1":0,"2":0,"3":0,"4":0,"5":0,"6":0,"7":0,"8":0,"9":0,"10":0,"11":0,"12":0,"13":0,"14":0,"15":0,"16":0,"17":0,"18":0,"19":0,"20":0,"21":0,"22":0,"23":0,"24":0},"f":{"0":0,"1":0,"2":0,"3":0,"4":0,"5":0,"6":0,"7":0,"8":0,"9":0},"b":{"0":[0,0]}}
,"/Users/ban/code/volentix/vdex-test-gui-example/src/router/index.js": {"path":"/Users/ban/code/volentix/vdex-test-gui-example/src/router/index.js","statementMap":{"0":{"start":{"line":6,"column":0},"end":{"line":6,"column":18}},"1":{"start":{"line":8,"column":15},"end":{"line":13,"column":2}},"2":{"start":{"line":9,"column":25},"end":{"line":9,"column":39}},"3":{"start":{"line":15,"column":0},"end":{"line":25,"column":2}},"4":{"start":{"line":16,"column":2},"end":{"line":24,"column":3}},"5":{"start":{"line":16,"column":32},"end":{"line":16,"column":56}},"6":{"start":{"line":17,"column":4},"end":{"line":20,"column":5}},"7":{"start":{"line":18,"column":6},"end":{"line":18,"column":12}},"8":{"start":{"line":19,"column":6},"end":{"line":19,"column":12}},"9":{"start":{"line":21,"column":4},"end":{"line":21,"column":18}},"10":{"start":{"line":23,"column":4},"end":{"line":23,"column":10}}},"fnMap":{"0":{"name":"(anonymous_0)","decl":{"start":{"line":9,"column":18},"end":{"line":9,"column":19}},"loc":{"start":{"line":9,"column":25},"end":{"line":9,"column":39}},"line":9},"1":{"name":"(anonymous_1)","decl":{"start":{"line":15,"column":18},"end":{"line":15,"column":19}},"loc":{"start":{"line":15,"column":38},"end":{"line":25,"column":1}},"line":15},"2":{"name":"(anonymous_2)","decl":{"start":{"line":16,"column":22},"end":{"line":16,"column":23}},"loc":{"start":{"line":16,"column":32},"end":{"line":16,"column":56}},"line":16}},"branchMap":{"0":{"loc":{"start":{"line":16,"column":2},"end":{"line":24,"column":3}},"type":"if","locations":[{"start":{"line":16,"column":2},"end":{"line":24,"column":3}},{"start":{"line":16,"column":2},"end":{"line":24,"column":3}}],"line":16},"1":{"loc":{"start":{"line":17,"column":4},"end":{"line":20,"column":5}},"type":"if","locations":[{"start":{"line":17,"column":4},"end":{"line":20,"column":5}},{"start":{"line":17,"column":4},"end":{"line":20,"column":5}}],"line":17}},"s":{"0":0,"1":0,"2":0,"3":0,"4":0,"5":0,"6":0,"7":0,"8":0,"9":0,"10":0},"f":{"0":0,"1":0,"2":0},"b":{"0":[0,0],"1":[0,0]},"hash":"20050d47628c783748e210c7447d2853dfe8953e"}
,"/Users/ban/code/volentix/vdex-test-gui-example/src/router/routes.js": {"path":"/Users/ban/code/volentix/vdex-test-gui-example/src/router/routes.js","statementMap":{"0":{"start":{"line":1,"column":15},"end":{"line":20,"column":1}},"1":{"start":{"line":4,"column":21},"end":{"line":4,"column":46}},"2":{"start":{"line":11,"column":21},"end":{"line":11,"column":49}},"3":{"start":{"line":18,"column":21},"end":{"line":18,"column":46}},"4":{"start":{"line":23,"column":0},"end":{"line":28,"column":1}},"5":{"start":{"line":24,"column":2},"end":{"line":27,"column":4}},"6":{"start":{"line":26,"column":21},"end":{"line":26,"column":49}}},"fnMap":{"0":{"name":"(anonymous_0)","decl":{"start":{"line":4,"column":15},"end":{"line":4,"column":16}},"loc":{"start":{"line":4,"column":21},"end":{"line":4,"column":46}},"line":4},"1":{"name":"(anonymous_1)","decl":{"start":{"line":11,"column":15},"end":{"line":11,"column":16}},"loc":{"start":{"line":11,"column":21},"end":{"line":11,"column":49}},"line":11},"2":{"name":"(anonymous_2)","decl":{"start":{"line":18,"column":15},"end":{"line":18,"column":16}},"loc":{"start":{"line":18,"column":21},"end":{"line":18,"column":46}},"line":18},"3":{"name":"(anonymous_3)","decl":{"start":{"line":26,"column":15},"end":{"line":26,"column":16}},"loc":{"start":{"line":26,"column":21},"end":{"line":26,"column":49}},"line":26}},"branchMap":{"0":{"loc":{"start":{"line":23,"column":0},"end":{"line":28,"column":1}},"type":"if","locations":[{"start":{"line":23,"column":0},"end":{"line":28,"column":1}},{"start":{"line":23,"column":0},"end":{"line":28,"column":1}}],"line":23}},"s":{"0":0,"1":0,"2":0,"3":0,"4":0,"5":0,"6":0},"f":{"0":0,"1":0,"2":0,"3":0},"b":{"0":[0,0]},"hash":"782fe66083763bb0fd16d5713f61aeaf0aec24be"}
,"/Users/ban/code/volentix/vdex-test-gui-example/src/store/index.js": {"path":"/Users/ban/code/volentix/vdex-test-gui-example/src/store/index.js","statementMap":{"0":{"start":{"line":10,"column":0},"end":{"line":10,"column":13}},"1":{"start":{"line":13,"column":2},"end":{"line":29,"column":3}},"2":{"start":{"line":32,"column":14},"end":{"line":118,"column":2}},"3":{"start":{"line":36,"column":25},"end":{"line":36,"column":39}},"4":{"start":{"line":37,"column":24},"end":{"line":37,"column":36}},"5":{"start":{"line":38,"column":26},"end":{"line":38,"column":40}},"6":{"start":{"line":39,"column":24},"end":{"line":39,"column":36}},"7":{"start":{"line":40,"column":33},"end":{"line":40,"column":55}},"8":{"start":{"line":44,"column":6},"end":{"line":44,"column":42}},"9":{"start":{"line":47,"column":6},"end":{"line":47,"column":44}},"10":{"start":{"line":50,"column":6},"end":{"line":50,"column":42}},"11":{"start":{"line":53,"column":6},"end":{"line":53,"column":46}},"12":{"start":{"line":56,"column":6},"end":{"line":56,"column":27}},"13":{"start":{"line":59,"column":6},"end":{"line":59,"column":27}},"14":{"start":{"line":62,"column":6},"end":{"line":62,"column":38}},"15":{"start":{"line":65,"column":6},"end":{"line":65,"column":32}},"16":{"start":{"line":68,"column":6},"end":{"line":68,"column":39}},"17":{"start":{"line":71,"column":6},"end":{"line":71,"column":36}},"18":{"start":{"line":74,"column":6},"end":{"line":74,"column":36}},"19":{"start":{"line":77,"column":6},"end":{"line":77,"column":35}},"20":{"start":{"line":80,"column":6},"end":{"line":80,"column":37}},"21":{"start":{"line":83,"column":6},"end":{"line":83,"column":39}},"22":{"start":{"line":86,"column":6},"end":{"line":86,"column":49}},"23":{"start":{"line":89,"column":6},"end":{"line":89,"column":35}},"24":{"start":{"line":92,"column":6},"end":{"line":92,"column":33}},"25":{"start":{"line":93,"column":6},"end":{"line":93,"column":33}},"26":{"start":{"line":94,"column":6},"end":{"line":94,"column":33}},"27":{"start":{"line":97,"column":6},"end":{"line":97,"column":35}},"28":{"start":{"line":102,"column":6},"end":{"line":109,"column":8}},"29":{"start":{"line":103,"column":8},"end":{"line":103,"column":48}},"30":{"start":{"line":104,"column":8},"end":{"line":104,"column":46}},"31":{"start":{"line":105,"column":8},"end":{"line":105,"column":50}},"32":{"start":{"line":106,"column":8},"end":{"line":106,"column":29}},"33":{"start":{"line":107,"column":8},"end":{"line":107,"column":38}},"34":{"start":{"line":108,"column":8},"end":{"line":108,"column":17}},"35":{"start":{"line":112,"column":6},"end":{"line":115,"column":8}},"36":{"start":{"line":113,"column":8},"end":{"line":113,"column":24}},"37":{"start":{"line":114,"column":8},"end":{"line":114,"column":17}}},"fnMap":{"0":{"name":"initialState","decl":{"start":{"line":12,"column":9},"end":{"line":12,"column":21}},"loc":{"start":{"line":12,"column":25},"end":{"line":30,"column":1}},"line":12},"1":{"name":"(anonymous_1)","decl":{"start":{"line":36,"column":16},"end":{"line":36,"column":17}},"loc":{"start":{"line":36,"column":25},"end":{"line":36,"column":39}},"line":36},"2":{"name":"(anonymous_2)","decl":{"start":{"line":37,"column":15},"end":{"line":37,"column":16}},"loc":{"start":{"line":37,"column":24},"end":{"line":37,"column":36}},"line":37},"3":{"name":"(anonymous_3)","decl":{"start":{"line":38,"column":17},"end":{"line":38,"column":18}},"loc":{"start":{"line":38,"column":26},"end":{"line":38,"column":40}},"line":38},"4":{"name":"(anonymous_4)","decl":{"start":{"line":39,"column":15},"end":{"line":39,"column":16}},"loc":{"start":{"line":39,"column":24},"end":{"line":39,"column":36}},"line":39},"5":{"name":"(anonymous_5)","decl":{"start":{"line":40,"column":24},"end":{"line":40,"column":25}},"loc":{"start":{"line":40,"column":33},"end":{"line":40,"column":55}},"line":40},"6":{"name":"(anonymous_6)","decl":{"start":{"line":43,"column":12},"end":{"line":43,"column":13}},"loc":{"start":{"line":43,"column":21},"end":{"line":45,"column":5}},"line":43},"7":{"name":"(anonymous_7)","decl":{"start":{"line":46,"column":19},"end":{"line":46,"column":20}},"loc":{"start":{"line":46,"column":42},"end":{"line":48,"column":5}},"line":46},"8":{"name":"(anonymous_8)","decl":{"start":{"line":49,"column":18},"end":{"line":49,"column":19}},"loc":{"start":{"line":49,"column":40},"end":{"line":51,"column":5}},"line":49},"9":{"name":"(anonymous_9)","decl":{"start":{"line":52,"column":20},"end":{"line":52,"column":21}},"loc":{"start":{"line":52,"column":44},"end":{"line":54,"column":5}},"line":52},"10":{"name":"(anonymous_10)","decl":{"start":{"line":55,"column":17},"end":{"line":55,"column":18}},"loc":{"start":{"line":55,"column":26},"end":{"line":57,"column":5}},"line":55},"11":{"name":"(anonymous_11)","decl":{"start":{"line":58,"column":15},"end":{"line":58,"column":16}},"loc":{"start":{"line":58,"column":34},"end":{"line":60,"column":5}},"line":58},"12":{"name":"(anonymous_12)","decl":{"start":{"line":61,"column":16},"end":{"line":61,"column":17}},"loc":{"start":{"line":61,"column":36},"end":{"line":63,"column":5}},"line":61},"13":{"name":"(anonymous_13)","decl":{"start":{"line":64,"column":13},"end":{"line":64,"column":14}},"loc":{"start":{"line":64,"column":30},"end":{"line":66,"column":5}},"line":64},"14":{"name":"(anonymous_14)","decl":{"start":{"line":67,"column":19},"end":{"line":67,"column":20}},"loc":{"start":{"line":67,"column":37},"end":{"line":69,"column":5}},"line":67},"15":{"name":"(anonymous_15)","decl":{"start":{"line":70,"column":15},"end":{"line":70,"column":16}},"loc":{"start":{"line":70,"column":34},"end":{"line":72,"column":5}},"line":70},"16":{"name":"(anonymous_16)","decl":{"start":{"line":73,"column":15},"end":{"line":73,"column":16}},"loc":{"start":{"line":73,"column":34},"end":{"line":75,"column":5}},"line":73},"17":{"name":"(anonymous_17)","decl":{"start":{"line":76,"column":15},"end":{"line":76,"column":16}},"loc":{"start":{"line":76,"column":32},"end":{"line":78,"column":5}},"line":76},"18":{"name":"(anonymous_18)","decl":{"start":{"line":79,"column":17},"end":{"line":79,"column":18}},"loc":{"start":{"line":79,"column":34},"end":{"line":81,"column":5}},"line":79},"19":{"name":"(anonymous_19)","decl":{"start":{"line":82,"column":21},"end":{"line":82,"column":22}},"loc":{"start":{"line":82,"column":39},"end":{"line":84,"column":5}},"line":82},"20":{"name":"(anonymous_20)","decl":{"start":{"line":85,"column":26},"end":{"line":85,"column":27}},"loc":{"start":{"line":85,"column":49},"end":{"line":87,"column":5}},"line":85},"21":{"name":"(anonymous_21)","decl":{"start":{"line":88,"column":19},"end":{"line":88,"column":20}},"loc":{"start":{"line":88,"column":35},"end":{"line":90,"column":5}},"line":88},"22":{"name":"(anonymous_22)","decl":{"start":{"line":91,"column":25},"end":{"line":91,"column":26}},"loc":{"start":{"line":91,"column":42},"end":{"line":95,"column":5}},"line":91},"23":{"name":"(anonymous_23)","decl":{"start":{"line":96,"column":24},"end":{"line":96,"column":25}},"loc":{"start":{"line":96,"column":41},"end":{"line":98,"column":5}},"line":96},"24":{"name":"(anonymous_24)","decl":{"start":{"line":101,"column":4},"end":{"line":101,"column":5}},"loc":{"start":{"line":101,"column":29},"end":{"line":110,"column":5}},"line":101},"25":{"name":"(anonymous_25)","decl":{"start":{"line":102,"column":25},"end":{"line":102,"column":26}},"loc":{"start":{"line":102,"column":46},"end":{"line":109,"column":7}},"line":102},"26":{"name":"(anonymous_26)","decl":{"start":{"line":111,"column":4},"end":{"line":111,"column":5}},"loc":{"start":{"line":111,"column":24},"end":{"line":116,"column":5}},"line":111},"27":{"name":"(anonymous_27)","decl":{"start":{"line":112,"column":25},"end":{"line":112,"column":26}},"loc":{"start":{"line":112,"column":46},"end":{"line":115,"column":7}},"line":112}},"branchMap":{},"s":{"0":0,"1":0,"2":0,"3":0,"4":0,"5":0,"6":0,"7":0,"8":0,"9":0,"10":0,"11":0,"12":0,"13":0,"14":0,"15":0,"16":0,"17":0,"18":0,"19":0,"20":0,"21":0,"22":0,"23":0,"24":0,"25":0,"26":0,"27":0,"28":0,"29":0,"30":0,"31":0,"32":0,"33":0,"34":0,"35":0,"36":0,"37":0},"f":{"0":0,"1":0,"2":0,"3":0,"4":0,"5":0,"6":0,"7":0,"8":0,"9":0,"10":0,"11":0,"12":0,"13":0,"14":0,"15":0,"16":0,"17":0,"18":0,"19":0,"20":0,"21":0,"22":0,"23":0,"24":0,"25":0,"26":0,"27":0},"b":{},"hash":"aaf029fa4e34070fec3b950e4e9160581fb69372"}
,"/Users/ban/code/volentix/vdex-test-gui-example/src/util/EosWrapper.js": {"path":"/Users/ban/code/volentix/vdex-test-gui-example/src/util/EosWrapper.js","statementMap":{"0":{"start":{"line":7,"column":37},"end":{"line":7,"column":52}},"1":{"start":{"line":8,"column":14},"end":{"line":8,"column":35}},"2":{"start":{"line":13,"column":4},"end":{"line":13,"column":84}},"3":{"start":{"line":17,"column":4},"end":{"line":23,"column":5}},"4":{"start":{"line":18,"column":19},"end":{"line":18,"column":43}},"5":{"start":{"line":19,"column":6},"end":{"line":19,"column":19}},"6":{"start":{"line":21,"column":6},"end":{"line":21,"column":47}},"7":{"start":{"line":22,"column":6},"end":{"line":22,"column":17}},"8":{"start":{"line":27,"column":4},"end":{"line":33,"column":5}},"9":{"start":{"line":28,"column":21},"end":{"line":28,"column":65}},"10":{"start":{"line":29,"column":6},"end":{"line":29,"column":21}},"11":{"start":{"line":31,"column":6},"end":{"line":31,"column":52}},"12":{"start":{"line":32,"column":6},"end":{"line":32,"column":17}},"13":{"start":{"line":37,"column":4},"end":{"line":50,"column":5}},"14":{"start":{"line":38,"column":20},"end":{"line":38,"column":23}},"15":{"start":{"line":39,"column":18},"end":{"line":39,"column":23}},"16":{"start":{"line":40,"column":19},"end":{"line":40,"column":83}},"17":{"start":{"line":41,"column":6},"end":{"line":45,"column":7}},"18":{"start":{"line":42,"column":18},"end":{"line":42,"column":38}},"19":{"start":{"line":43,"column":8},"end":{"line":43,"column":47}},"20":{"start":{"line":44,"column":8},"end":{"line":44,"column":22}},"21":{"start":{"line":46,"column":6},"end":{"line":46,"column":31}},"22":{"start":{"line":48,"column":6},"end":{"line":48,"column":37}},"23":{"start":{"line":49,"column":6},"end":{"line":49,"column":17}},"24":{"start":{"line":55,"column":4},"end":{"line":67,"column":5}},"25":{"start":{"line":56,"column":19},"end":{"line":62,"column":8}},"26":{"start":{"line":63,"column":6},"end":{"line":63,"column":22}},"27":{"start":{"line":65,"column":6},"end":{"line":65,"column":35}},"28":{"start":{"line":66,"column":6},"end":{"line":66,"column":17}},"29":{"start":{"line":71,"column":4},"end":{"line":83,"column":5}},"30":{"start":{"line":72,"column":22},"end":{"line":72,"column":54}},"31":{"start":{"line":74,"column":16},"end":{"line":74,"column":60}},"32":{"start":{"line":75,"column":16},"end":{"line":75,"column":84}},"33":{"start":{"line":77,"column":16},"end":{"line":77,"column":93}},"34":{"start":{"line":79,"column":6},"end":{"line":79,"column":30}},"35":{"start":{"line":81,"column":6},"end":{"line":81,"column":39}},"36":{"start":{"line":82,"column":6},"end":{"line":82,"column":17}},"37":{"start":{"line":89,"column":4},"end":{"line":97,"column":5}},"38":{"start":{"line":90,"column":32},"end":{"line":90,"column":70}},"39":{"start":{"line":91,"column":6},"end":{"line":96,"column":8}},"40":{"start":{"line":101,"column":4},"end":{"line":129,"column":5}},"41":{"start":{"line":102,"column":21},"end":{"line":122,"column":7}},"42":{"start":{"line":123,"column":6},"end":{"line":123,"column":40}},"43":{"start":{"line":125,"column":6},"end":{"line":125,"column":36}},"44":{"start":{"line":126,"column":6},"end":{"line":128,"column":7}},"45":{"start":{"line":127,"column":8},"end":{"line":127,"column":106}}},"fnMap":{"0":{"name":"(anonymous_0)","decl":{"start":{"line":12,"column":2},"end":{"line":12,"column":3}},"loc":{"start":{"line":12,"column":17},"end":{"line":14,"column":3}},"line":12},"1":{"name":"(anonymous_1)","decl":{"start":{"line":16,"column":2},"end":{"line":16,"column":3}},"loc":{"start":{"line":16,"column":24},"end":{"line":24,"column":3}},"line":16},"2":{"name":"(anonymous_2)","decl":{"start":{"line":26,"column":2},"end":{"line":26,"column":3}},"loc":{"start":{"line":26,"column":26},"end":{"line":34,"column":3}},"line":26},"3":{"name":"(anonymous_3)","decl":{"start":{"line":36,"column":2},"end":{"line":36,"column":3}},"loc":{"start":{"line":36,"column":26},"end":{"line":51,"column":3}},"line":36},"4":{"name":"(anonymous_4)","decl":{"start":{"line":53,"column":2},"end":{"line":53,"column":3}},"loc":{"start":{"line":53,"column":38},"end":{"line":68,"column":3}},"line":53},"5":{"name":"(anonymous_5)","decl":{"start":{"line":70,"column":2},"end":{"line":70,"column":3}},"loc":{"start":{"line":70,"column":28},"end":{"line":84,"column":3}},"line":70},"6":{"name":"(anonymous_6)","decl":{"start":{"line":88,"column":2},"end":{"line":88,"column":3}},"loc":{"start":{"line":88,"column":33},"end":{"line":98,"column":3}},"line":88},"7":{"name":"(anonymous_7)","decl":{"start":{"line":100,"column":2},"end":{"line":100,"column":3}},"loc":{"start":{"line":100,"column":93},"end":{"line":130,"column":3}},"line":100}},"branchMap":{"0":{"loc":{"start":{"line":41,"column":6},"end":{"line":45,"column":7}},"type":"if","locations":[{"start":{"line":41,"column":6},"end":{"line":45,"column":7}},{"start":{"line":41,"column":6},"end":{"line":45,"column":7}}],"line":41},"1":{"loc":{"start":{"line":89,"column":4},"end":{"line":97,"column":5}},"type":"if","locations":[{"start":{"line":89,"column":4},"end":{"line":97,"column":5}},{"start":{"line":89,"column":4},"end":{"line":97,"column":5}}],"line":89},"2":{"loc":{"start":{"line":126,"column":6},"end":{"line":128,"column":7}},"type":"if","locations":[{"start":{"line":126,"column":6},"end":{"line":128,"column":7}},{"start":{"line":126,"column":6},"end":{"line":128,"column":7}}],"line":126}},"s":{"0":0,"1":0,"2":0,"3":0,"4":0,"5":0,"6":0,"7":0,"8":0,"9":0,"10":0,"11":0,"12":0,"13":0,"14":0,"15":0,"16":0,"17":0,"18":0,"19":0,"20":0,"21":0,"22":0,"23":0,"24":0,"25":0,"26":0,"27":0,"28":0,"29":0,"30":0,"31":0,"32":0,"33":0,"34":0,"35":0,"36":0,"37":0,"38":0,"39":0,"40":0,"41":0,"42":0,"43":0,"44":0,"45":0},"f":{"0":0,"1":0,"2":0,"3":0,"4":0,"5":0,"6":0,"7":0},"b":{"0":[0,0],"1":[0,0],"2":[0,0]},"hash":"696f532fa96b2ac2b8d6930106a2caf4ea3d7c75"}
,"/Users/ban/code/volentix/vdex-test-gui-example/src/util/configManager.js": {"path":"/Users/ban/code/volentix/vdex-test-gui-example/src/util/configManager.js","statementMap":{"0":{"start":{"line":11,"column":14},"end":{"line":11,"column":39}},"1":{"start":{"line":12,"column":24},"end":{"line":12,"column":50}},"2":{"start":{"line":13,"column":11},"end":{"line":13,"column":24}},"3":{"start":{"line":16,"column":15},"end":{"line":29,"column":1}},"4":{"start":{"line":30,"column":20},"end":{"line":30,"column":59}},"5":{"start":{"line":80,"column":2},"end":{"line":89,"column":4}},"6":{"start":{"line":81,"column":4},"end":{"line":88,"column":5}},"7":{"start":{"line":82,"column":6},"end":{"line":82,"column":63}},"8":{"start":{"line":83,"column":6},"end":{"line":83,"column":56}},"9":{"start":{"line":84,"column":6},"end":{"line":84,"column":56}},"10":{"start":{"line":85,"column":6},"end":{"line":85,"column":46}},"11":{"start":{"line":87,"column":6},"end":{"line":87,"column":46}},"12":{"start":{"line":93,"column":2},"end":{"line":95,"column":4}},"13":{"start":{"line":94,"column":4},"end":{"line":94,"column":25}},"14":{"start":{"line":99,"column":2},"end":{"line":111,"column":3}},"15":{"start":{"line":100,"column":19},"end":{"line":100,"column":97}},"16":{"start":{"line":101,"column":20},"end":{"line":101,"column":67}},"17":{"start":{"line":101,"column":39},"end":{"line":101,"column":66}},"18":{"start":{"line":102,"column":4},"end":{"line":107,"column":5}},"19":{"start":{"line":103,"column":6},"end":{"line":103,"column":43}},"20":{"start":{"line":105,"column":6},"end":{"line":105,"column":106}},"21":{"start":{"line":106,"column":6},"end":{"line":106,"column":44}},"22":{"start":{"line":109,"column":4},"end":{"line":109,"column":48}},"23":{"start":{"line":110,"column":4},"end":{"line":110,"column":15}},"24":{"start":{"line":115,"column":2},"end":{"line":127,"column":3}},"25":{"start":{"line":116,"column":19},"end":{"line":116,"column":97}},"26":{"start":{"line":117,"column":20},"end":{"line":117,"column":65}},"27":{"start":{"line":117,"column":39},"end":{"line":117,"column":64}},"28":{"start":{"line":118,"column":4},"end":{"line":123,"column":5}},"29":{"start":{"line":119,"column":6},"end":{"line":119,"column":48}},"30":{"start":{"line":121,"column":6},"end":{"line":121,"column":110}},"31":{"start":{"line":122,"column":6},"end":{"line":122,"column":49}},"32":{"start":{"line":125,"column":4},"end":{"line":125,"column":53}},"33":{"start":{"line":126,"column":4},"end":{"line":126,"column":15}},"34"
[...]
"start":{"line":5,"column":4},"end":{"line":22,"column":6}},"1":{"start":{"line":23,"column":18},"end":{"line":23,"column":28}},"2":{"start":{"line":24,"column":4},"end":{"line":24,"column":23}},"3":{"start":{"line":25,"column":4},"end":{"line":25,"column":16}},"4":{"start":{"line":29,"column":25},"end":{"line":33,"column":1}},"5":{"start":{"line":30,"column":2},"end":{"line":30,"column":52}},"6":{"start":{"line":30,"column":25},"end":{"line":30,"column":52}},"7":{"start":{"line":31,"column":16},"end":{"line":31,"column":44}},"8":{"start":{"line":32,"column":2},"end":{"line":32,"column":66}},"9":{"start":{"line":35,"column":24},"end":{"line":40,"column":1}},"10":{"start":{"line":36,"column":2},"end":{"line":36,"column":30}},"11":{"start":{"line":36,"column":24},"end":{"line":36,"column":30}},"12":{"start":{"line":37,"column":16},"end":{"line":37,"column":44}},"13":{"start":{"line":38,"column":2},"end":{"line":38,"column":66}}},"fnMap":{"0":{"name":"(anonymous_0)","decl":{"start":{"line":4,"column":2},"end":{"line":4,"column":3}},"loc":{"start":{"line":4,"column":27},"end":{"line":26,"column":3}},"line":4},"1":{"name":"(anonymous_1)","decl":{"start":{"line":17,"column":19},"end":{"line":17,"column":20}},"loc":{"start":{"line":17,"column":25},"end":{"line":19,"column":11}},"line":17},"2":{"name":"(anonymous_2)","decl":{"start":{"line":29,"column":25},"end":{"line":29,"column":26}},"loc":{"start":{"line":29,"column":41},"end":{"line":33,"column":1}},"line":29},"3":{"name":"(anonymous_3)","decl":{"start":{"line":35,"column":24},"end":{"line":35,"column":25}},"loc":{"start":{"line":35,"column":40},"end":{"line":40,"column":1}},"line":35}},"branchMap":{"0":{"loc":{"start":{"line":30,"column":2},"end":{"line":30,"column":52}},"type":"if","locations":[{"start":{"line":30,"column":2},"end":{"line":30,"column":52}},{"start":{"line":30,"column":2},"end":{"line":30,"column":52}}],"line":30},"1":{"loc":{"start":{"line":36,"column":2},"end":{"line":36,"column":30}},"type":"if","locations":[{"start":{"line":36,"column":2},"end":{"line":36,"column":30}},{"start":{"line":36,"column":2},"end":{"line":36,"column":30}}],"line":36}},"s":{"0":0,"1":0,"2":0,"3":0,"4":0,"5":0,"6":0,"7":0,"8":0,"9":0,"10":0,"11":0,"12":0,"13":0},"f":{"0":0,"1":0,"2":0,"3":0},"b":{"0":[0,0],"1":[0,0]},"hash":"65987c4afd00fc2e2a56b625a423e0fdbab59464"}
,"/Users/ban/code/volentix/vdex-test-gui-example/src/util/resultHandler.js": {"path":"/Users/ban/code/volentix/vdex-test-gui-example/src/util/resultHandler.js","statementMap":{"0":{"start":{"line":5,"column":4},"end":{"line":22,"column":6}},"1":{"start":{"line":23,"column":20},"end":{"line":23,"column":50}},"2":{"start":{"line":24,"column":4},"end":{"line":24,"column":31}},"3":{"start":{"line":28,"column":26},"end":{"line":32,"column":1}},"4":{"start":{"line":29,"column":2},"end":{"line":29,"column":57}},"5":{"start":{"line":29,"column":25},"end":{"line":29,"column":57}},"6":{"start":{"line":30,"column":17},"end":{"line":30,"column":50}},"7":{"start":{"line":31,"column":2},"end":{"line":31,"column":44}},"8":{"start":{"line":34,"column":25},"end":{"line":39,"column":1}},"9":{"start":{"line":35,"column":2},"end":{"line":35,"column":30}},"10":{"start":{"line":35,"column":24},"end":{"line":35,"column":30}},"11":{"start":{"line":36,"column":17},"end":{"line":36,"column":50}},"12":{"start":{"line":37,"column":2},"end":{"line":37,"column":44}}},"fnMap":{"0":{"name":"(anonymous_0)","decl":{"start":{"line":4,"column":2},"end":{"line":4,"column":3}},"loc":{"start":{"line":4,"column":31},"end":{"line":25,"column":3}},"line":4},"1":{"name":"(anonymous_1)","decl":{"start":{"line":17,"column":19},"end":{"line":17,"column":20}},"loc":{"start":{"line":17,"column":25},"end":{"line":19,"column":11}},"line":17},"2":{"name":"(anonymous_2)","decl":{"start":{"line":28,"column":26},"end":{"line":28,"column":27}},"loc":{"start":{"line":28,"column":46},"end":{"line":32,"column":1}},"line":28},"3":{"name":"(anonymous_3)","decl":{"start":{"line":34,"column":25},"end":{"line":34,"column":26}},"loc":{"start":{"line":34,"column":45},"end":{"line":39,"column":1}},"line":34}},"branchMap":{"0":{"loc":{"start":{"line":29,"column":2},"end":{"line":29,"column":57}},"type":"if","locations":[{"start":{"line":29,"column":2},"end":{"line":29,"column":57}},{"start":{"line":29,"column":2},"end":{"line":29,"column":57}}],"line":29},"1":{"loc":{"start":{"line":35,"column":2},"end":{"line":35,"column":30}},"type":"if","locations":[{"start":{"line":35,"column":2},"end":{"line":35,"column":30}},{"start":{"line":35,"column":2},"end":{"line":35,"column":30}}],"line":35}},"s":{"0":0,"1":0,"2":0,"3":0,"4":0,"5":0,"6":0,"7":0,"8":0,"9":0,"10":0,"11":0,"12":0},"f":{"0":0,"1":0,"2":0,"3":0},"b":{"0":[0,0],"1":[0,0]},"hash":"de46dd9ea7c4b50a95f7309b33dc6af3892e8477"}
,"/Users/ban/code/volentix/vdex-test-gui-example/src/util/utils.js": {"path":"/Users/ban/code/volentix/vdex-test-gui-example/src/util/utils.js","statementMap":{"0":{"start":{"line":6,"column":24},"end":{"line":6,"column":50}},"1":{"start":{"line":7,"column":11},"end":{"line":7,"column":24}},"2":{"start":{"line":22,"column":17},"end":{"line":28,"column":21}},"3":{"start":{"line":23,"column":14},"end":{"line":23,"column":21}},"4":{"start":{"line":25,"column":26},"end":{"line":25,"column":53}},"5":{"start":{"line":27,"column":17},"end":{"line":27,"column":23}},"6":{"start":{"line":28,"column":14},"end":{"line":28,"column":20}},"7":{"start":{"line":29,"column":2},"end":{"line":29,"column":15}},"8":{"start":{"line":40,"column":2},"end":{"line":44,"column":4}},"9":{"start":{"line":41,"column":12},"end":{"line":41,"column":18}},"10":{"start":{"line":42,"column":12},"end":{"line":42,"column":18}},"11":{"start":{"line":43,"column":4},"end":{"line":43,"column":37}},"12":{"start":{"line":48,"column":13},"end":{"line":48,"column":15}},"13":{"start":{"line":49,"column":2},"end":{"line":55,"column":3}},"14":{"start":{"line":49,"column":15},"end":{"line":49,"column":16}},"15":{"start":{"line":50,"column":4},"end":{"line":54,"column":5}},"16":{"start":{"line":50,"column":26},"end":{"line":50,"column":57}},"17":{"start":{"line":51,"column":6},"end":{"line":51,"column":82}},"18":{"start":{"line":51,"column":24},"end":{"line":51,"column":55}},"19":{"start":{"line":53,"column":6},"end":{"line":53,"column":116}},"20":{"start":{"line":56,"column":2},"end":{"line":56,"column":13}},"21":{"start":{"line":60,"column":2},"end":{"line":60,"column":38}},"22":{"start":{"line":64,"column":2},"end":{"line":70,"column":3}},"23":{"start":{"line":65,"column":4},"end":{"line":65,"column":29}},"24":{"start":{"line":67,"column":4},"end":{"line":67,"column":48}},"25":{"start":{"line":69,"column":4},"end":{"line":69,"column":24}},"26":{"start":{"line":74,"column":2},"end":{"line":74,"column":25}},"27":{"start":{"line":78,"column":2},"end":{"line":78,"column":48}},"28":{"start":{"line":82,"column":2},"end":{"line":82,"column":35}},"29":{"start":{"line":82,"column":19},"end":{"line":82,"column":35}},"30":{"start":{"line":83,"column":10},"end":{"line":83,"column":14}},"31":{"start":{"line":84,"column":9},"end":{"line":84,"column":42}},"32":{"start":{"line":85,"column":12},"end":{"line":85,"column":69}},"33":{"start":{"line":86,"column":8},"end":{"line":86,"column":49}},"34":{"start":{"line":87,"column":2},"end":{"line":87,"column":74}},"35":{"start":{"line":92,"column":12},"end":{"line":92,"column":32}},"36":{"start":{"line":93,"column":2},"end":{"line":108,"column":3}},"37":{"start":{"line":94,"column":4},"end":{"line":94,"column":80}},"38":{"start":{"line":95,"column":9},"end":{"line":108,"column":3}},"39":{"start":{"line":96,"column":4},"end":{"line":107,"column":8}},"40":{"start":{"line":102,"column":8},"end":{"line":102,"column":35}},"41":{"start":{"line":105,"column":8},"end":{"line":105,"column":48}},"42":{"start":{"line":106,"column":8},"end":{"line":106,"column":19}},"43":{"start":{"line":112,"column":16},"end":{"line":118,"column":3}},"44":{"start":{"line":120,"column":2},"end":{"line":122,"column":4}},"45":{"start":{"line":121,"column":4},"end":{"line":121,"column":54}},"46":{"start":{"line":130,"column":2},"end":{"line":142,"column":3}},"47":{"start":{"line":131,"column":4},"end":{"line":131,"column":63}},"48":{"start":{"line":132,"column":9},"end":{"line":142,"column":3}},"49":{"start":{"line":134,"column":23},"end":{"line":134,"column":52}},"50":{"start":{"line":135,"column":9},"end":{"line":142,"column":3}},"51":{"start":{"line":136,"column":4},"end":{"line":141,"column":6}},"52":{"start":{"line":138,"column":6},"end":{"line":140,"column":7}},"53":{"start":{"line":139,"column":27},"end":{"line":139,"column":56}},"54":{"start":{"line":149,"column":2},"end":{"line":165,"column":4}},"55":{"start":{"line":150,"column":4},"end":{"line":164,"column":8}},"56":{"start":{"line":157,"column":8},"end":{"line":158,"column":27}},"57":{"start":{"line":157,"column":37},"end":{"line":157,"column":50}},"58":{"start":{"line":158,"column":13},"end":{"line":158,"column":27}},"59":{"start":{"line":161,"column":8},"end":{"line":161,"column":42}},"60":{"start":{"line":162,"column":8},"end":{"line":162,"column":22}},"61":{"start":{"line":163,"column":8},"end":{"line":163,"column":19}},"62":{"start":{"line":169,"column":2},"end":{"line":185,"column":4}},"63":{"start":{"line":170,"column":4},"end":{"line":184,"column":8}},"64":{"start":{"line":177,"column":8},"end":{"line":178,"column":27}},"65":{"start":{"line":177,"column":37},"end":{"line":177,"column":50}},"66":{"start":{"line":178,"column":13},"end":{"line":178,"column":27}},"67":{"start":{"line":181,"column":8},"end":{"line":181,"column":42}},"68":{"start":{"line":182,"column":8},"end":{"line":182,"column":22}},"69":{"start":{"line":183,"column":8},"end":{"line":183,"column":19}}},"fnMap":{"0":{"name":"getUnique","decl":{"start":{"line":21,"column":9},"end":{"line":21,"column":18}},"loc":{"start":{"line":21,"column":31},"end":{"line":30,"column":1}},"line":21},"1":{"name":"(anonymous_1)","decl":{"start":{"line":23,"column":9},"end":{"line":23,"column":10}},"loc":{"start":{"line":23,"column":14},"end":{"line":23,"column":21}},"line":23},"2":{"name":"(anonymous_2)","decl":{"start":{"line":25,"column":9},"end":{"line":25,"column":10}},"loc":{"start":{"line":25,"column":26},"end":{"line":25,"column":53}},"line":25},"3":{"name":"(anonymous_3)","decl":{"start":{"line":27,"column":12},"end":{"line":27,"column":13}},"loc":{"start":{"line":27,"column":17},"end":{"line":27,"column":23}},"line":27},"4":{"name":"(anonymous_4)","decl":{"start":{"line":28,"column":9},"end":{"line":28,"column":10}},"loc":{"start":{"line":28,"column":14},"end":{"line":28,"column":20}},"line":28},"5":{"name":"sortByKey","decl":{"start":{"line":39,"column":9},"end":{"line":39,"column":18}},"loc":{"start":{"line":39,"column":32},"end":{"line":45,"column":1}},"line":39},"6":{"name":"(anonymous_6)","decl":{"start":{"line":40,"column":20},"end":{"line":40,"column":21}},"loc":{"start":{"line":40,"column":36},"end":{"line":44,"column":3}},"line":40},"7":{"name":"getUniqueLocations","decl":{"start":{"line":47,"column":9},"end":{"line":47,"column":27}},"loc":{"start":{"line":47,"column":40},"end":{"line":57,"column":1}},"line":47},"8":{"name":"(anonymous_8)","decl":{"start":{"line":50,"column":18},"end":{"line":50,"column":19}},"loc":{"start":{"line":50,"column":26},"end":{"line":50,"column":57}},"line":50},"9":{"name":"(anonymous_9)","decl":{"start":{"line":51,"column":16},"end":{"line":51,"column":17}},"loc":{"start":{"line":51,"column":24},"end":{"line":51,"column":55}},"line":51},"10":{"name":"openExternal","decl":{"start":{"line":59,"column":9},"end":{"line":59,"column":21}},"loc":{"start":{"line":59,"column":45},"end":{"line":61,"column":1}},"line":59},"11":{"name":"copyToClipboard","decl":{"start":{"line":63,"column":9},"end":{"line":63,"column":24}},"loc":{"start":{"line":63,"column":32},"end":{"line":71,"column":1}},"line":63},"12":{"name":"getVersion","decl":{"start":{"line":73,"column":9},"end":{"line":73,"column":19}},"loc":{"start":{"line":73,"column":23},"end":{"line":75,"column":1}},"line":73},"13":{"name":"getTime","decl":{"start":{"line":77,"column":9},"end":{"line":77,"column":16}},"loc":{"start":{"line":77,"column":20},"end":{"line":79,"column":1}},"line":77},"14":{"name":"formatBytes","decl":{"start":{"line":81,"column":9},"end":{"line":81,"column":20}},"loc":{"start":{"line":81,"column":39},"end":{"line":88,"column":1}},"line":81},"15":{"name":"getInstaller","decl":{"start":{"line":90,"column":9},"end":{"line":90,"column":21}},"loc":{"start":{"line":90,"column":25},"end":{"line":109,"column":1}},"line":90},"16":{"name":"(anonymous_16)","decl":{"start":{"line":101,"column":12},"end":{"line":101,"column":13}},"loc":{"start":{"line":101,"column":24},"end":{"line":103,"column":7}},"line":101},"17":{"name":"(anonymous_17)","decl":{"start":{"line":104,"column":13},"end":{"line":104,"column":14}},"loc":{"start":{"line":104,"column":22},"end":{"line":107,"column":7}},"line":104},"18":{"name":"forceFileDownload","decl":{"start":{"line":111,"column":9},"end":{"line":111,"column":26}},"loc":{"start":{"line":111,"column":38},"end":{"line":123,"column":1}},"line":111},"19":{"name":"(anonymous_19)","decl":{"start":{"line":120,"column":33},"end":{"line":120,"column":34}},"loc":{"start":{"line":120,"column":45},"end":{"line":122,"column":3}},"line":120},"20":{"name":"notifyMe","decl":{"start":{"line":128,"column":9},"end":{"line":128,"column":17}},"loc":{"start":{"line":128,"column":21},"end":{"line":146,"column":1}},"line":128},"21":{"name":"(anonymous_21)","decl":{"start":{"line":136,"column":42},"end":{"line":136,"column":43}},"loc":{"start":{"line":136,"column":64},"end":{"line":141,"column":5}},"line":136},"22":{"name":"checkEosEndpoint","decl":{"start":{"line":148,"column":15},"end":{"line":148,"column":31}},"loc":{"start":{"line":148,"column":38},"end":{"line":166,"column":1}},"line":148},"23":{"name":"(anonymous_23)","decl":{"start":{"line":149,"column":21},"end":{"line":149,"column":22}},"loc":{"start":{"line":149,"column":32},"end":{"line":165,"column":3}},"line":149},"24":{"name":"(anonymous_24)","decl":{"start":{"line":156,"column":12},"end":{"line":156,"column":13}},"loc":{"start":{"line":156,"column":24},"end":{"line":159,"column":7}},"line":156},"25":{"name":"(anonymous_25)","decl":{"start":{"line":160,"column":13},"end":{"line":160,"column":14}},"loc":{"start":{"line":160,"column":22},"end":{"line":164,"column":7}},"line":160},"26":{"name":"checkNodeApi","decl":{"start":{"line":168,"column":15},"end":{"line":168,"column":27}},"loc":{"start":{"line":168,"column":34},"end":{"line":186,"column":1}},"line":168},"27":{"name":"(anonymous_27)","decl":{"start":{"line":169,"column":21},"end":{"line":169,"column":22}},"loc":{"start":{"line":169,"column":32},"end":{"line":185,"column":3}},"line":169},"28":{"name":"(anonymous_28)","decl":{"start":{"line":176,"column":12},"end":{"line":176,"column":13}},"loc":{"start":{"line":176,"column":24},"end":{"line":179,"column":7}},"line":176},"29":{"name":"(anonymous_29)","decl":{"start":{"line":180,"column":13},"end":{"line":180,"column":14}},"loc":{"start":{"line":180,"column":22},"end":{"line":184,"column":7}},"line":180}},"branchMap":{"0":{"loc":{"start":{"line":25,"column":26},"end":{"line":25,"column":53}},"type":"binary-expr","locations":[{"start":{"line":25,"column":26},"end":{"line":25,"column":48}},{"start":{"line":25,"column":52},"end":{"line":25,"column":53}}],"line":25},"1":{"loc":{"start":{"line":43,"column":11},"end":{"line":43,"column":37}},"type":"cond-expr","locations":[{"start":{"line":43,"column":19},"end":{"line":43,"column":21}},{"start":{"line":43,"column":24},"end":{"line":43,"column":37}}],"line":43},"2":{"loc":{"start":{"line":43,"column":24},"end":{"line":43,"column":37}},"type":"cond-expr","locations":[{"start":{"line":43,"column":32},"end":{"line":43,"column":33}},{"start":{"line":43,"column":36},"end":{"line":43,"column":37}}],"line":43},"3":{"loc":{"start":{"line":50,"column":4},"end":{"line":54,"column":5}},"type":"if","locations":[{"start":{"line":50,"column":4},"end":{"line":54,"column":5}},{"start":{"line":50,"column":4},"end":{"line":54,"column":5}}],"line":50},"4":{"loc":{"start":{"line":59,"column":29},"end":{"line":59,"column":43}},"type":"default-arg","locations":[{"start":{"line":59,"column":41},"end":{"line":59,"column":43}}],"line":59},"5":{"loc":{"start":{"line":82,"column":2},"end":{"line":82,"column":35}},"type":"if","locations":[{"start":{"line":82,"column":2},"end":{"line":82,"column":35}},{"start":{"line":82,"column":2},"end":{"line":82,"column":35}}],"line":82},"6":{"loc":{"start":{"line":84,"column":9},"end":{"line":84,"column":42}},"type":"cond-expr","locations":[{"start":{"line":84,"column":25},"end":{"line":84,"column":26}},{"start":{"line":84,"column":29},"end":{"line":84,"column":42}}],"line":84},"7":{"loc":{"start":{"line":84,"column":29},"end":{"line":84,"column":42}},"type":"binary-expr","locations":[{"start":{"line":84,"column":29},"end":{"line":84,"column":37}},{"start":{"line":84,"column":41},"end":{"line":84,"column":42}}],"line":84},"8":{"loc":{"start":{"line":93,"column":2},"end":{"line":108,"column":3}},"type":"if","locations":[{"start":{"line":93,"column":2},"end":{"line":108,"column":3}},{"start":{"line":93,"column":2},"end":{"line":108,"column":3}}],"line":93},"9":{"loc":{"start":{"line":95,"column":9},"end":{"line":108,"column":3}},"type":"if","locations":[{"start":{"line":95,"column":9},"end":{"line":108,"column":3}},{"start":{"line":95,"column":9},"end":{"line":108,"column":3}}],"line":95},"10":{"loc":{"start":{"line":130,"column":2},"end":{"line":142,"column":3}},"type":"if","locations":[{"start":{"line":130,"column":2},"end":{"line":142,"column":3}},{"start":{"line":130,"column":2},"end":{"line":142,"column":3}}],"line":130},"11":{"loc":{"start":{"line":132,"column":9},"end":{"line":142,"column":3}},"type":"if","locations":[{"start":{"line":132,"column":9},"end":{"line":142,"column":3}},{"start":{"line":132,"column":9},"end":{"line":142,"column":3}}],"line":132},"12":{"loc":{"start":{"line":135,"column":9},"end":{"line":142,"column":3}},"type":"if","locations":[{"start":{"line":135,"column":9},"end":{"line":142,"column":3}},{"start":{"line":135,"column":9},"end":{"line":142,"column":3}}],"line":135},"13":{"loc":{"start":{"line":138,"column":6},"end":{"line":140,"column":7}},"type":"if","locations":[{"start":{"line":138,"column":6},"end":{"line":140,"column":7}},{"start":{"line":138,"column":6},"end":{"line":140,"column":7}}],"line":138},"14":{"loc":{"start":{"line":157,"column":8},"end":{"line":158,"column":27}},"type":"if","locations":[{"start":{"line":157,"column":8},"end":{"line":158,"column":27}},{"start":{"line":157,"column":8},"end":{"line":158,"column":27}}],"line":157},"15":{"loc":{"start":{"line":177,"column":8},"end":{"line":178,"column":27}},"type":"if","locations":[{"start":{"line":177,"column":8},"end":{"line":178,"column":27}},{"start":{"line":177,"column":8},"end":{"line":178,"column":27}}],"line":177}},"s":{"0":0,"1":0,"2":0,"3":0,"4":0,"5":0,"6":0,"7":0,"8":0,"9":0,"10":0,"11":0,"12":0,"13":0,"14":0,"15":0,"16":0,"17":0,"18":0,"19":0,"20":0,"21":0,"22":0,"23":0,"24":0,"25":0,"26":0,"27":0,"28":0,"29":0,"30":0,"31":0,"32":0,"33":0,"34":0,"35":0,"36":0,"37":0,"38":0,"39":0,"40":0,"41":0,"42":0,"43":0,"44":0,"45":0,"46":0,"47":0,"48":0,"49":0,"50":0,"51":0,"52":0,"53":0,"54":0,"55":0,"56":0,"57":0,"58":0,"59":0,"60":0,"61":0,"62":0,"63":0,"64":0,"65":0,"66":0,"67":0,"68":0,"69":0},"f":{"0":0,"1":0,"2":0,"3":0,"4":0,"5":0,"6":0,"7":0,"8":0,"9":0,"10":0,"11":0,"12":0,"13":0,"14":0,"15":0,"16":0,"17":0,"18":0,"19":0,"20":0,"21":0,"22":0,"23":0,"24":0,"25":0,"26":0,"27":0,"28":0,"29":0},"b":{"0":[0,0],"1":[0,0],"2":[0,0],"3":[0,0],"4":[0],"5":[0,0],"6":[0,0],"7":[0,0],"8":[0,0],"9":[0,0],"10":[0,0],"11":[0,0],"12":[0,0],"13":[0,0],"14":[0,0],"15":[0,0]},"hash":"d956260340271ebb66f6bfa3e633df2396f1e3f5"}
}
