TN:
SF:/Users/ban/code/volentix/vdex-test-gui-example/src-electron/main-process/electron-main.dev.js
FN:12,(anonymous_0)
FN:15,(anonymous_1)
FN:16,(anonymous_2)
FNF:3
FNH:0
FNDA:0,(anonymous_0)
FNDA:0,(anonymous_1)
FNDA:0,(anonymous_2)
DA:9,0
DA:12,0
DA:13,0
DA:14,0
DA:17,0
DA:22,0
LF:6
LH:0
BRF:0
BRH:0
end_of_record
TN:
SF:/Users/ban/code/volentix/vdex-test-gui-example/src-electron/main-process/electron-main.js
FN:20,createWindow
FN:41,(anonymous_1)
FN:46,(anonymous_2)
FN:63,(anonymous_3)
FN:71,(anonymous_4)
FN:78,(anonymous_5)
FN:88,(anonymous_6)
FN:97,(anonymous_7)
FN:102,(anonymous_8)
FN:109,(anonymous_9)
FN:120,(anonymous_10)
FN:126,(anonymous_11)
FN:152,sendStatusToWindow
FN:169,(anonymous_13)
FN:183,(anonymous_14)
FN:187,(anonymous_15)
FN:191,(anonymous_16)
FN:200,(anonymous_17)
FN:208,(anonymous_18)
FNF:19
FNH:0
FNDA:0,createWindow
FNDA:0,(anonymous_1)
FNDA:0,(anonymous_2)
FNDA:0,(anonymous_3)
FNDA:0,(anonymous_4)
FNDA:0,(anonymous_5)
FNDA:0,(anonymous_6)
FNDA:0,(anonymous_7)
FNDA:0,(anonymous_8)
FNDA:0,(anonymous_9)
FNDA:0,(anonymous_10)
FNDA:0,(anonymous_11)
FNDA:0,sendStatusToWindow
FNDA:0,(anonymous_13)
FNDA:0,(anonymous_14)
FNDA:0,(anonymous_15)
FNDA:0,(anonymous_16)
FNDA:0,(anonymous_17)
FNDA:0,(anonymous_18)
DA:3,0
DA:4,0
DA:6,0
DA:12,0
DA:13,0
DA:24,0
DA:38,0
DA:39,0
DA:41,0
DA:42,0
DA:43,0
DA:46,0
DA:47,0
DA:48,0
DA:51,0
DA:52,0
DA:56,0
DA:57,0
DA:59,0
DA:62,0
DA:63,0
DA:64,0
DA:65,0
DA:72,0
DA:79,0
DA:80,0
DA:84,0
DA:85,0
DA:87,0
DA:88,0
DA:89,0
DA:91,0
DA:92,0
DA:97,0
DA:98,0
DA:102,0
DA:103,0
DA:104,0
DA:109,0
DA:110,0
DA:111,0
DA:113,0
DA:114,0
DA:118,0
DA:120,0
DA:121,0
DA:122,0
DA:126,0
DA:127,0
DA:128,0
DA:148,0
DA:149,0
DA:150,0
DA:153,0
DA:154,0
DA:169,0
DA:170,0
DA:171,0
DA:172,0
DA:174,0
DA:176,0
DA:177,0
DA:179,0
DA:183,0
DA:184,0
DA:187,0
DA:188,0
DA:191,0
DA:192,0
DA:201,0
DA:202,0
DA:208,0
DA:209,0
DA:210,0
DA:211,0
LF:75
LH:0
BRDA:12,0,0,0
BRDA:12,0,1,0
BRDA:56,1,0,0
BRDA:56,1,1,0
BRDA:91,2,0,0
BRDA:91,2,1,0
BRDA:91,3,0,0
BRDA:91,3,1,0
BRDA:91,3,2,0
BRDA:103,4,0,0
BRDA:103,4,1,0
BRDA:110,5,0,0
BRDA:110,5,1,0
BRDA:121,6,0,0
BRDA:121,6,1,0
BRDA:127,7,0,0
BRDA:127,7,1,0
BRDA:152,8,0,0
BRDA:201,9,0,0
BRDA:201,9,1,0
BRDA:209,10,0,0
BRDA:209,10,1,0
BRF:22
BRH:0
end_of_record
TN:
SF:/Users/ban/code/volentix/vdex-test-gui-example/src-electron/main-process/electron-menu.js
FN:1,vdexnodeMenu
FN:101,(anonymous_1)
FN:107,(anonymous_2)
FN:164,(anonymous_3)
FN:171,(anonymous_4)
FNF:5
FNH:0
FNDA:0,vdexnodeMenu
FNDA:0,(anonymous_1)
FNDA:0,(anonymous_2)
FNDA:0,(anonymous_3)
FNDA:0,(anonymous_4)
DA:2,0
DA:102,0
DA:108,0
DA:115,0
DA:116,0
DA:124,0
DA:125,0
DA:126,0
DA:165,0
DA:166,0
DA:171,0
DA:172,0
DA:174,0
DA:175,0
DA:184,0
LF:15
LH:0
BRDA:115,0,0,0
BRDA:115,0,1,0
BRDA:124,1,0,0
BRDA:124,1,1,0
BRDA:174,2,0,0
BRDA:174,2,1,0
BRF:6
BRH:0
end_of_record
TN:
SF:/Users/ban/code/volentix/vdex-test-gui-example/src/boot/axios.js
FN:3,(anonymous_0)
FNF:1
FNH:0
FNDA:0,(anonymous_0)
DA:4,0
LF:1
LH:0
BRF:0
BRH:0
end_of_record
TN:
SF:/Users/ban/code/volentix/vdex-test-gui-example/src/boot/configManager.js
FN:5,(anonymous_0)
FNF:1
FNH:0
FNDA:0,(anonymous_0)
DA:3,0
DA:6,0
LF:2
LH:0
BRF:0
BRH:0
end_of_record
TN:
SF:/Users/ban/code/volentix/vdex-test-gui-example/src/boot/errorHandler.js
FN:3,(anonymous_0)
FNF:1
FNH:0
FNDA:0,(anonymous_0)
DA:4,0
LF:1
LH:0
BRF:0
BRH:0
end_of_record
TN:
SF:/Users/ban/code/volentix/vdex-test-gui-example/src/boot/i18n.js
FN:13,(anonymous_0)
FNF:1
FNH:0
FNDA:0,(anonymous_0)
DA:5,0
DA:7,0
DA:15,0
LF:3
LH:0
BRF:0
BRH:0
end_of_record
TN:
SF:/Users/ban/code/volentix/vdex-test-gui-example/src/boot/resultHandler.js
FN:3,(anonymous_0)
FNF:1
FNH:0
FNDA:0,(anonymous_0)
DA:4,0
LF:1
LH:0
BRF:0
BRH:0
end_of_record
TN:
SF:/Users/ban/code/volentix/vdex-test-gui-example/src/boot/utils.js
FN:3,(anonymous_0)
FNF:1
FNH:0
FNDA:0,(anonymous_0)
DA:4,0
LF:1
LH:0
BRF:0
BRH:0
end_of_record
TN:
SF:/Users/ban/code/volentix/vdex-test-gui-example/src/components/ChatWidget.vue
FN:53,data
FN:56,mounted
FNF:2
FNH:0
FNDA:0,data
FNDA:0,mounted
DA:54,0
LF:1
LH:0
BRF:0
BRH:0
end_of_record
TN:
SF:/Users/ban/code/volentix/vdex-test-gui-example/src/components/MapWidget.vue
FN:48,data
FN:75,mounted
FN:82,nodeGeoData
FN:88,(anonymous_4)
FN:87,_callee
FN:92,(anonymous_8)
FN:94,(anonymous_12)
FN:120,(anonymous_13)
FN:126,(anonymous_15)
FN:128,(anonymous_19)
FN:164,mapInit
FN:167,mapCentering
FN:169,(anonymous_23)
FN:183,mapLoad
FN:192,markersLoad
FNF:15
FNH:0
FNDA:0,data
FNDA:0,mounted
FNDA:0,nodeGeoData
FNDA:0,(anonymous_4)
FNDA:0,_callee
FNDA:0,(anonymous_8)
FNDA:0,(anonymous_12)
FNDA:0,(anonymous_13)
FNDA:0,(anonymous_15)
FNDA:0,(anonymous_19)
FNDA:0,mapInit
FNDA:0,mapCentering
FNDA:0,(anonymous_23)
FNDA:0,mapLoad
FNDA:0,markersLoad
DA:43,0
DA:49,0
DA:76,0
DA:77,0
DA:78,0
DA:79,0
DA:83,0
DA:84,0
DA:87,0
DA:94,0
DA:97,0
DA:98,0
DA:99,0
DA:100,0
DA:107,0
DA:109,0
DA:110,0
DA:119,0
DA:122,0
DA:128,0
DA:129,0
DA:130,0
DA:131,0
DA:132,0
DA:133,0
DA:140,0
DA:151,0
DA:152,0
DA:165,0
DA:167,0
DA:168,0
DA:169,0
DA:170,0
DA:171,0
DA:172,0
DA:173,0
DA:177,0
DA:180,0
DA:184,0
DA:193,0
DA:194,0
LF:41
LH:0
BRDA:87,0,0,0
BRDA:87,0,1,0
BRDA:87,0,2,0
BRDA:87,1,0,0
BRDA:87,1,1,0
BRDA:87,1,2,0
BRDA:87,2,0,0
BRDA:87,2,1,0
BRDA:87,2,2,0
BRDA:168,3,0,0
BRDA:168,3,1,0
BRDA:170,4,0,0
BRDA:170,4,1,0
BRDA:172,5,0,0
BRDA:172,5,1,0
BRF:15
BRH:0
end_of_record
TN:
SF:/Users/ban/code/volentix/vdex-test-gui-example/src/i18n/index.js
FNF:0
FNH:0
LF:0
LH:0
BRF:0
BRH:0
end_of_record
TN:
SF:/Users/ban/code/volentix/vdex-test-gui-example/src/i18n/en-us/index.js
FNF:0
FNH:0
LF:0
LH:0
BRF:0
BRH:0
end_of_record
TN:
SF:/Users/ban/code/volentix/vdex-test-gui-example/src/pages/Index.vue
FN:473,data
FN:506,blur
FN:509,loggedIn
FN:512,identity
FN:515,status
FN:518,registered_nodes
FN:522,mounted
FN:533,(anonymous_8)
FN:536,(anonymous_9)
FN:537,(anonymous_10)
FN:539,beforeDestroy
FN:547,checkAccountRun
FN:548,(anonymous_13)
FN:555,addToVote
FN:567,refresh
FN:573,getInfoRare
FN:578,getInfoOften
FN:582,getVoteBackList
FN:584,(anonymous_19)
FN:589,(anonymous_20)
FN:604,(anonymous_21)
FN:606,(anonymous_22)
FN:612,sortByField
FN:615,addNode
FN:616,(anonymous_25)
FN:623,registerNode
FN:624,(anonymous_28)
FN:631,retreiveReward
FN:632,(anonymous_31)
FN:635,(anonymous_32)
FN:636,(anonymous_33)
FN:637,(anonymous_34)
FN:642,vote
FN:643,(anonymous_36)
FN:647,(anonymous_37)
FN:648,(anonymous_38)
FN:653,(anonymous_39)
FN:546,_callee
FN:660,(anonymous_43)
FN:662,(anonymous_47)
FN:682,(anonymous_48)
FN:688,(anonymous_50)
FN:700,(anonymous_53)
FN:703,(anonymous_54)
FN:708,(anonymous_55)
FN:709,(anonymous_56)
FNF:46
FNH:0
FNDA:0,data
FNDA:0,blur
FNDA:0,loggedIn
FNDA:0,identity
FNDA:0,status
FNDA:0,registered_nodes
FNDA:0,mounted
FNDA:0,(anonymous_8)
FNDA:0,(anonymous_9)
FNDA:0,(anonymous_10)
FNDA:0,beforeDestroy
FNDA:0,checkAccountRun
FNDA:0,(anonymous_13)
FNDA:0,addToVote
FNDA:0,refresh
FNDA:0,getInfoRare
FNDA:0,getInfoOften
FNDA:0,getVoteBackList
FNDA:0,(anonymous_19)
FNDA:0,(anonymous_20)
FNDA:0,(anonymous_21)
FNDA:0,(anonymous_22)
FNDA:0,sortByField
FNDA:0,addNode
FNDA:0,(anonymous_25)
FNDA:0,registerNode
FNDA:0,(anonymous_28)
FNDA:0,retreiveReward
FNDA:0,(anonymous_31)
FNDA:0,(anonymous_32)
FNDA:0,(anonymous_33)
FNDA:0,(anonymous_34)
FNDA:0,vote
FNDA:0,(anonymous_36)
FNDA:0,(anonymous_37)
FNDA:0,(anonymous_38)
FNDA:0,(anonymous_39)
FNDA:0,_callee
FNDA:0,(anonymous_43)
FNDA:0,(anonymous_47)
FNDA:0,(anonymous_48)
FNDA:0,(anonymous_50)
FNDA:0,(anonymous_53)
FNDA:0,(anonymous_54)
FNDA:0,(anonymous_55)
FNDA:0,(anonymous_56)
DA:437,0
DA:438,0
DA:474,0
DA:507,0
DA:510,0
DA:513,0
DA:516,0
DA:519,0
DA:522,0
DA:523,0
DA:524,0
DA:525,0
DA:526,0
DA:527,0
DA:529,0
DA:530,0
DA:531,0
DA:532,0
DA:533,0
DA:536,0
DA:537,0
DA:540,0
DA:543,0
DA:544,0
DA:546,0
DA:547,0
DA:548,0
DA:549,0
DA:556,0
DA:557,0
DA:558,0
DA:560,0
DA:561,0
DA:563,0
DA:568,0
DA:569,0
DA:570,0
DA:571,0
DA:574,0
DA:575,0
DA:576,0
DA:579,0
DA:580,0
DA:582,0
DA:583,0
DA:584,0
DA:585,0
DA:588,0
DA:589,0
DA:590,0
DA:592,0
DA:594,0
DA:595,0
DA:596,0
DA:597,0
DA:598,0
DA:599,0
DA:600,0
DA:602,0
DA:603,0
DA:604,0
DA:605,0
DA:606,0
DA:607,0
DA:613,0
DA:616,0
DA:620,0
DA:624,0
DA:628,0
DA:631,0
DA:632,0
DA:635,0
DA:636,0
DA:639,0
DA:642,0
DA:643,0
DA:646,0
DA:647,0
DA:650,0
DA:655,0
DA:656,0
DA:657,0
DA:662,0
DA:666,0
DA:667,0
DA:668,0
DA:680,0
DA:681,0
DA:684,0
DA:690,0
DA:691,0
DA:693,0
DA:694,0
DA:695,0
DA:696,0
DA:697,0
DA:698,0
DA:700,0
DA:701,0
DA:702,0
DA:703,0
DA:704,0
DA:705,0
DA:706,0
DA:708,0
DA:709,0
DA:711,0
DA:714,0
DA:715,0
DA:716,0
DA:717,0
DA:720,0
LF:112
LH:0
BRDA:507,0,0,0
BRDA:507,0,1,0
BRDA:507,0,2,0
BRDA:507,0,3,0
BRDA:548,1,0,0
BRDA:548,1,1,0
BRDA:548,2,0,0
BRDA:548,2,1,0
BRDA:556,3,0,0
BRDA:556,3,1,0
BRDA:560,4,0,0
BRDA:560,4,1,0
BRDA:588,5,0,0
BRDA:588,5,1,0
BRDA:594,6,0,0
BRDA:594,6,1,0
BRDA:603,7,0,0
BRDA:603,7,1,0
BRDA:546,8,0,0
BRDA:546,8,1,0
BRDA:546,8,2,0
BRDA:546,8,3,0
BRDA:546,8,4,0
BRDA:546,9,0,0
BRDA:546,9,1,0
BRDA:546,9,2,0
BRDA:667,10,0,0
BRDA:667,10,1,0
BRDA:546,11,0,0
BRDA:546,11,1,0
BRDA:546,11,2,0
BRDA:546,11,3,0
BRDA:546,11,4,0
BRDA:546,11,5,0
BRDA:546,11,6,0
BRDA:546,11,7,0
BRDA:691,12,0,0
BRDA:691,12,1,0
BRDA:546,13,0,0
BRDA:546,13,1,0
BRDA:701,14,0,0
BRDA:701,14,1,0
BRF:42
BRH:0
end_of_record
TN:
SF:/Users/ban/code/volentix/vdex-test-gui-example/src/pages/Login.vue
FN:44,data
FN:52,mounted
FN:58,login
FN:62,(anonymous_4)
FN:57,_callee
FN:65,updater
FN:67,(anonymous_9)
FN:70,(anonymous_10)
FN:73,(anonymous_11)
FNF:9
FNH:3
FNDA:1,data
FNDA:1,mounted
FNDA:0,login
FNDA:1,(anonymous_4)
FNDA:0,_callee
FNDA:0,updater
FNDA:0,(anonymous_9)
FNDA:0,(anonymous_10)
FNDA:0,(anonymous_11)
DA:41,1
DA:45,1
DA:53,1
DA:54,0
DA:55,0
DA:57,2
DA:59,0
DA:60,0
DA:63,0
DA:65,0
DA:67,0
DA:68,0
DA:70,0
DA:71,0
DA:73,0
DA:74,0
LF:16
LH:4
BRDA:57,0,0,0
BRDA:57,0,1,0
BRDA:57,0,2,0
BRF:3
BRH:0
end_of_record
TN:
SF:/Users/ban/code/volentix/vdex-test-gui-example/src/pages/Settings.vue
FN:133,data
FN:146,blur
FN:150,mounted
FN:152,(anonymous_4)
FN:154,beforeDestroy
FN:158,checkStatus
FN:159,(anonymous_7)
FN:162,(anonymous_8)
FN:166,updateNodeAPI
FN:171,updateEosEndpoint
FNF:10
FNH:0
FNDA:0,data
FNDA:0,blur
FNDA:0,mounted
FNDA:0,(anonymous_4)
FNDA:0,beforeDestroy
FNDA:0,checkStatus
FNDA:0,(anonymous_7)
FNDA:0,(anonymous_8)
FNDA:0,updateNodeAPI
FNDA:0,updateEosEndpoint
DA:128,0
DA:129,0
DA:134,0
DA:147,0
DA:150,0
DA:151,0
DA:152,0
DA:155,0
DA:158,0
DA:159,0
DA:160,0
DA:162,0
DA:163,0
DA:168,0
DA:169,0
DA:173,0
DA:174,0
DA:175,0
DA:176,0
DA:178,0
DA:179,0
DA:181,0
DA:182,0
DA:184,0
DA:185,0
LF:25
LH:0
BRDA:147,0,0,0
BRDA:147,0,1,0
BRF:2
BRH:0
end_of_record
TN:
SF:/Users/ban/code/volentix/vdex-test-gui-example/src/router/index.js
FN:9,(anonymous_0)
FN:15,(anonymous_1)
FN:16,(anonymous_2)
FNF:3
FNH:0
FNDA:0,(anonymous_0)
FNDA:0,(anonymous_1)
FNDA:0,(anonymous_2)
DA:6,0
DA:8,0
DA:9,0
DA:15,0
DA:16,0
DA:17,0
DA:18,0
DA:19,0
DA:21,0
DA:23,0
LF:10
LH:0
BRDA:16,0,0,0
BRDA:16,0,1,0
BRDA:17,1,0,0
BRDA:17,1,1,0
BRF:4
BRH:0
end_of_record
TN:
SF:/Users/ban/code/volentix/vdex-test-gui-example/src/router/routes.js
FN:4,(anonymous_0)
FN:11,(anonymous_1)
FN:18,(anonymous_2)
FN:26,(anonymous_3)
FNF:4
FNH:0
FNDA:0,(anonymous_0)
FNDA:0,(anonymous_1)
FNDA:0,(anonymous_2)
FNDA:0,(anonymous_3)
DA:1,0
DA:4,0
DA:11,0
DA:18,0
DA:23,0
DA:24,0
DA:26,0
LF:7
LH:0
BRDA:23,0,0,0
BRDA:23,0,1,0
BRF:2
BRH:0
end_of_record
TN:
SF:/Users/ban/code/volentix/vdex-test-gui-example/src/store/index.js
FN:12,initialState
FN:36,(anonymous_1)
FN:37,(anonymous_2)
FN:38,(anonymous_3)
FN:39,(anonymous_4)
FN:40,(anonymous_5)
FN:43,(anonymous_6)
FN:46,(anonymous_7)
FN:49,(anonymous_8)
FN:52,(anonymous_9)
FN:55,(anonymous_10)
FN:58,(anonymous_11)
FN:61,(anonymous_12)
FN:64,(anonymous_13)
FN:67,(anonymous_14)
FN:70,(anonymous_15)
FN:73,(anonymous_16)
FN:76,(anonymous_17)
FN:79,(anonymous_18)
FN:82,(anonymous_19)
FN:85,(anonymous_20)
FN:88,(anonymous_21)
FN:91,(anonymous_22)
FN:96,(anonymous_23)
FN:101,(anonymous_24)
FN:102,(anonymous_25)
FN:111,(anonymous_26)
FN:112,(anonymous_27)
FNF:28
FNH:0
FNDA:0,initialState
FNDA:0,(anonymous_1)
FNDA:0,(anonymous_2)
FNDA:0,(anonymous_3)
FNDA:0,(anonymous_4)
FNDA:0,(anonymous_5)
FNDA:0,(anonymous_6)
FNDA:0,(anonymous_7)
FNDA:0,(anonymous_8)
FNDA:0,(anonymous_9)
FNDA:0,(anonymous_10)
FNDA:0,(anonymous_11)
FNDA:0,(anonymous_12)
FNDA:0,(anonymous_13)
FNDA:0,(anonymous_14)
FNDA:0,(anonymous_15)
FNDA:0,(anonymous_16)
FNDA:0,(anonymous_17)
FNDA:0,(anonymous_18)
FNDA:0,(anonymous_19)
FNDA:0,(anonymous_20)
FNDA:0,(anonymous_21)
FNDA:0,(anonymous_22)
FNDA:0,(anonymous_23)
FNDA:0,(anonymous_24)
FNDA:0,(anonymous_25)
FNDA:0,(anonymous_26)
FNDA:0,(anonymous_27)
DA:10,0
DA:13,0
DA:32,0
DA:36,0
DA:37,0
DA:38,0
DA:39,0
DA:40,0
DA:44,0
DA:47,0
DA:50,0
DA:53,0
DA:56,0
DA:59,0
DA:62,0
DA:65,0
DA:68,0
DA:71,0
DA:74,0
DA:77,0
DA:80,0
DA:83,0
DA:86,0
DA:89,0
DA:92,0
DA:93,0
DA:94,0
DA:97,0
DA:102,0
DA:103,0
DA:104,0
DA:105,0
DA:106,0
DA:107,0
DA:108,0
DA:112,0
DA:113,0
DA:114,0
LF:38
LH:0
BRF:0
BRH:0
end_of_record
TN:
SF:/Users/ban/code/volentix/vdex-test-gui-example/src/util/EosWrapper.js
FN:12,(anonymous_0)
FN:16,(anonymous_1)
FN:26,(anonymous_2)
FN:36,(anonymous_3)
FN:53,(anonymous_4)
FN:70,(anonymous_5)
FN:88,(anonymous_6)
FN:100,(anonymous_7)
FNF:8
FNH:0
FNDA:0,(anonymous_0)
FNDA:0,(anonymous_1)
FNDA:0,(anonymous_2)
FNDA:0,(anonymous_3)
FNDA:0,(anonymous_4)
FNDA:0,(anonymous_5)
FNDA:0,(anonymous_6)
FNDA:0,(anonymous_7)
DA:7,0
DA:8,0
DA:13,0
DA:17,0
DA:18,0
DA:19,0
DA:21,0
DA:22,0
DA:27,0
DA:28,0
DA:29,0
DA:31,0
DA:32,0
DA:37,0
DA:38,0
DA:39,0
DA:40,0
DA:41,0
DA:42,0
DA:43,0
DA:44,0
DA:46,0
DA:48,0
DA:49,0
DA:55,0
DA:56,0
DA:63,0
DA:65,0
DA:66,0
DA:71,0
DA:72,0
DA:74,0
DA:75,0
DA:77,0
DA:79,0
DA:81,0
DA:82,0
DA:89,0
DA:90,0
DA:91,0
DA:101,0
DA:102,0
DA:123,0
DA:125,0
DA:126,0
DA:127,0
LF:46
LH:0
BRDA:41,0,0,0
BRDA:41,0,1,0
BRDA:89,1,0,0
BRDA:89,1,1,0
BRDA:126,2,0,0
BRDA:126,2,1,0
BRF:6
BRH:0
end_of_record
TN:
SF:/Users/ban/code/volentix/vdex-test-gui-example/src/util/configManager.js
FN:79,hasConfig
FN:80,(anonymous_1)
FN:92,logout
FN:93,(anonymous_3)
FN:98,accountAdded
FN:101,(anonymous_5)
FN:114,accountRegistered
FN:117,(anonymous_7)
FN:130,accountRun
FN:133,(anonymous_9)
FN:150,getUserUptime
FN:153,(anonymous_11)
FN:164,getUserRank
FN:167,(anonymous_13)
FN:170,(anonymous_14)
FN:175,(anonymous_15)
FN:176,(anonymous_16)
FN:187,getUserBalance
FN:197,getUserResources
FN:210,getUserVoted
FN:213,(anonymous_20)
FN:220,(anonymous_21)
FN:231,getRegisteredNodes
FN:235,(anonymous_23)
FN:248,addNode
FN:261,registerNode
FN:278,retreiveReward
FN:291,vote
FN:313,login
FN:344,(anonymous_29)
FN:358,auth
FN:361,(anonymous_31)
FN:364,(anonymous_32)
FN:369,chooseAccount
FN:371,(anonymous_34)
FN:387,(anonymous_35)
FN:391,(anonymous_36)
FN:392,(anonymous_37)
FNF:38
FNH:0
FNDA:0,hasConfig
FNDA:0,(anonymous_1)
FNDA:0,logout
FNDA:0,(anonymous_3)
FNDA:0,accountAdded
FNDA:0,(anonymous_5)
FNDA:0,accountRegistered
FNDA:0,(anonymous_7)
FNDA:0,accountRun
FNDA:0,(anonymous_9)
FNDA:0,getUserUptime
FNDA:0,(anonymous_11)
FNDA:0,getUserRank
FNDA:0,(anonymous_13)
FNDA:0,(anonymous_14)
FNDA:0,(anonymous_15)
FNDA:0,(anonymous_16)
FNDA:0,getUserBalance
FNDA:0,getUserResources
FNDA:0,getUserVoted
FNDA:0,(anonymous_20)
FNDA:0,(anonymous_21)
FNDA:0,getRegisteredNodes
FNDA:0,(anonymous_23)
FNDA:0,addNode
FNDA:0,registerNode
FNDA:0,retreiveReward
FNDA:0,vote
FNDA:0,login
FNDA:0,(anonymous_29)
FNDA:0,auth
FNDA:0,(anonymous_31)
FNDA:0,(anonymous_32)
FNDA:0,chooseAccount
FNDA:0,(anonymous_34)
FNDA:0,(anonymous_35)
FNDA:0,(anonymous_36)
FNDA:0,(anonymous_37)
DA:11,0
DA:12,0
DA:13,0
DA:16,0
DA:30,0
DA:80,0
DA:81,0
DA:82,0
DA:83,0
DA:84,0
DA:85,0
DA:87,0
DA:93,0
DA:94,0
DA:99,0
DA:100,0
DA:101,0
DA:102,0
DA:103,0
DA:105,0
DA:106,0
DA:109,0
DA:110,0
DA:115,0
DA:116,0
DA:117,0
DA:118,0
DA:119,0
DA:121,0
DA:122,0
DA:125,0
DA:126,0
DA:131,0
DA:132,0
DA:133,0
DA:134,0
DA:135,0
DA:137,0
DA:142,0
DA:145,0
DA:146,0
DA:151,0
DA:152,0
DA:153,0
DA:154,0
DA:155,0
DA:157,0
DA:160,0
DA:165,0
DA:166,0
DA:167,0
DA:168,0
DA:169,0
DA:170,0
DA:171,0
DA:172,0
DA:173,0
DA:175,0
DA:176,0
DA:177,0
DA:179,0
DA:180,0
DA:183,0
DA:188,0
DA:189,0
DA:190,0
DA:191,0
DA:193,0
DA:198,0
DA:199,0
DA:200,0
DA:206,0
DA:211,0
DA:212,0
DA:213,0
DA:214,0
DA:215,0
DA:217,0
DA:219,0
DA:220,0
DA:221,0
DA:222,0
DA:225,0
DA:227,0
DA:232,0
DA:233,0
DA:234,0
DA:235,0
DA:236,0
DA:238,0
DA:239,0
DA:241,0
DA:244,0
DA:249,0
DA:262,0
DA:279,0
DA:292,0
DA:293,0
DA:294,0
DA:296,0
DA:297,0
DA:309,0
DA:314,0
DA:315,0
DA:316,0
DA:318,0
DA:319,0
DA:322,0
DA:323,0
DA:324,0
DA:326,0
DA:327,0
DA:330,0
DA:331,0
DA:333,0
DA:334,0
DA:337,0
DA:338,0
DA:339,0
DA:340,0
DA:341,0
DA:342,0
DA:343,0
DA:344,0
DA:345,0
DA:346,0
DA:347,0
DA:350,0
DA:353,0
DA:354,0
DA:359,0
DA:362,0
DA:365,0
DA:370,0
DA:371,0
DA:372,0
DA:374,0
DA:388,0
DA:389,0
LF:139
LH:0
BRDA:81,0,0,0
BRDA:81,0,1,0
BRDA:102,1,0,0
BRDA:102,1,1,0
BRDA:118,2,0,0
BRDA:118,2,1,0
BRDA:134,3,0,0
BRDA:134,3,1,0
BRDA:154,4,0,0
BRDA:154,4,1,0
BRDA:168,5,0,0
BRDA:168,5,1,0
BRDA:201,6,0,0
BRDA:201,6,1,0
BRDA:202,7,0,0
BRDA:202,7,1,0
BRDA:203,8,0,0
BRDA:203,8,1,0
BRDA:214,9,0,0
BRDA:214,9,1,0
BRDA:221,10,0,0
BRDA:221,10,1,0
BRDA:238,11,0,0
BRDA:238,11,1,0
BRDA:296,12,0,0
BRDA:296,12,1,0
BRDA:339,13,0,0
BRDA:339,13,1,0
BRDA:340,14,0,0
BRDA:340,14,1,0
BRDA:341,15,0,0
BRDA:341,15,1,0
BRDA:343,16,0,0
BRDA:343,16,1,0
BRDA:346,17,0,0
BRDA:346,17,1,0
BRDA:388,18,0,0
BRDA:388,18,1,0
BRF:38
BRH:0
end_of_record
TN:
SF:/Users/ban/code/volentix/vdex-test-gui-example/src/util/errorHandler.js
FN:4,(anonymous_0)
FN:17,(anonymous_1)
FN:29,(anonymous_2)
FN:35,(anonymous_3)
FNF:4
FNH:0
FNDA:0,(anonymous_0)
FNDA:0,(anonymous_1)
FNDA:0,(anonymous_2)
FNDA:0,(anonymous_3)
DA:5,0
DA:23,0
DA:24,0
DA:25,0
DA:29,0
DA:30,0
DA:31,0
DA:32,0
DA:35,0
DA:36,0
DA:37,0
DA:38,0
LF:12
LH:0
BRDA:30,0,0,0
BRDA:30,0,1,0
BRDA:36,1,0,0
BRDA:36,1,1,0
BRF:4
BRH:0
end_of_record
TN:
SF:/Users/ban/code/volentix/vdex-test-gui-example/src/util/resultHandler.js
FN:4,(anonymous_0)
FN:17,(anonymous_1)
FN:28,(anonymous_2)
FN:34,(anonymous_3)
FNF:4
FNH:0
FNDA:0,(anonymous_0)
FNDA:0,(anonymous_1)
FNDA:0,(anonymous_2)
FNDA:0,(anonymous_3)
DA:5,0
DA:23,0
DA:24,0
DA:28,0
DA:29,0
DA:30,0
DA:31,0
DA:34,0
DA:35,0
DA:36,0
DA:37,0
LF:11
LH:0
BRDA:29,0,0,0
BRDA:29,0,1,0
BRDA:35,1,0,0
BRDA:35,1,1,0
BRF:4
BRH:0
end_of_record
TN:
SF:/Users/ban/code/volentix/vdex-test-gui-example/src/util/utils.js
FN:21,getUnique
FN:23,(anonymous_1)
FN:25,(anonymous_2)
FN:27,(anonymous_3)
FN:28,(anonymous_4)
FN:39,sortByKey
FN:40,(anonymous_6)
FN:47,getUniqueLocations
FN:50,(anonymous_8)
FN:51,(anonymous_9)
FN:59,openExternal
FN:63,copyToClipboard
FN:73,getVersion
FN:77,getTime
FN:81,formatBytes
FN:90,getInstaller
FN:101,(anonymous_16)
FN:104,(anonymous_17)
FN:111,forceFileDownload
FN:120,(anonymous_19)
FN:128,notifyMe
FN:136,(anonymous_21)
FN:148,checkEosEndpoint
FN:149,(anonymous_23)
FN:156,(anonymous_24)
FN:160,(anonymous_25)
FN:168,checkNodeApi
FN:169,(anonymous_27)
FN:176,(anonymous_28)
FN:180,(anonymous_29)
FNF:30
FNH:0
FNDA:0,getUnique
FNDA:0,(anonymous_1)
FNDA:0,(anonymous_2)
FNDA:0,(anonymous_3)
FNDA:0,(anonymous_4)
FNDA:0,sortByKey
FNDA:0,(anonymous_6)
FNDA:0,getUniqueLocations
FNDA:0,(anonymous_8)
FNDA:0,(anonymous_9)
FNDA:0,openExternal
FNDA:0,copyToClipboard
FNDA:0,getVersion
FNDA:0,getTime
FNDA:0,formatBytes
FNDA:0,getInstaller
FNDA:0,(anonymous_16)
FNDA:0,(anonymous_17)
FNDA:0,forceFileDownload
FNDA:0,(anonymous_19)
FNDA:0,notifyMe
FNDA:0,(anonymous_21)
FNDA:0,checkEosEndpoint
FNDA:0,(anonymous_23)
FNDA:0,(anonymous_24)
FNDA:0,(anonymous_25)
FNDA:0,checkNodeApi
FNDA:0,(anonymous_27)
FNDA:0,(anonymous_28)
FNDA:0,(anonymous_29)
DA:6,0
DA:7,0
DA:22,0
DA:23,0
DA:25,0
DA:27,0
DA:28,0
DA:29,0
DA:40,0
DA:41,0
DA:42,0
DA:43,0
DA:48,0
DA:49,0
DA:50,0
DA:51,0
DA:53,0
DA:56,0
DA:60,0
DA:64,0
DA:65,0
DA:67,0
DA:69,0
DA:74,0
DA:78,0
DA:82,0
DA:83,0
DA:84,0
DA:85,0
DA:86,0
DA:87,0
DA:92,0
DA:93,0
DA:94,0
DA:95,0
DA:96,0
DA:102,0
DA:105,0
DA:106,0
DA:112,0
DA:120,0
DA:121,0
DA:130,0
DA:131,0
DA:132,0
DA:134,0
DA:135,0
DA:136,0
DA:138,0
DA:139,0
DA:149,0
DA:150,0
DA:157,0
DA:158,0
DA:161,0
DA:162,0
DA:163,0
DA:169,0
DA:170,0
DA:177,0
DA:178,0
DA:181,0
DA:182,0
DA:183,0
LF:64
LH:0
BRDA:25,0,0,0
BRDA:25,0,1,0
BRDA:43,1,0,0
BRDA:43,1,1,0
BRDA:43,2,0,0
BRDA:43,2,1,0
BRDA:50,3,0,0
BRDA:50,3,1,0
BRDA:59,4,0,0
BRDA:82,5,0,0
BRDA:82,5,1,0
BRDA:84,6,0,0
BRDA:84,6,1,0
BRDA:84,7,0,0
BRDA:84,7,1,0
BRDA:93,8,0,0
BRDA:93,8,1,0
BRDA:95,9,0,0
BRDA:95,9,1,0
BRDA:130,10,0,0
BRDA:130,10,1,0
BRDA:132,11,0,0
BRDA:132,11,1,0
BRDA:135,12,0,0
BRDA:135,12,1,0
BRDA:138,13,0,0
BRDA:138,13,1,0
BRDA:157,14,0,0
BRDA:157,14,1,0
BRDA:177,15,0,0
BRDA:177,15,1,0
BRF:31
BRH:0
end_of_record
